Log file open, 01/28/20 19:07:28
LogWindows: Failed to load 'aqProf.dll' (GetLastError=126)
LogWindows: File 'aqProf.dll' does not exist
LogWindows: Failed to load 'VtuneApi.dll' (GetLastError=126)
LogWindows: File 'VtuneApi.dll' does not exist
LogWindows: Failed to load 'VtuneApi32e.dll' (GetLastError=126)
LogWindows: File 'VtuneApi32e.dll' does not exist
LogConsoleResponse: Display: Failed to find resolution value strings in scalability ini. Falling back to default.
LogInit: Display: Running engine for game: Felicia
LogPlatformFile: Not using cached read wrapper
LogTaskGraph: Started task graph with 5 named threads and 23 total threads with 3 sets of task threads.
LogStats: Stats thread started at 0.084905
LogD3D11RHI: Loaded GFSDK_Aftermath_Lib.x64.dll
LogICUInternationalization: ICU TimeZone Detection - Raw Offset: -8:00, Platform Override: ''
LogPluginManager: Mounting plugin Paper2D
LogPluginManager: Mounting plugin AISupport
LogPluginManager: Mounting plugin LightPropagationVolume
LogPluginManager: Mounting plugin ActorLayerUtilities
LogPluginManager: Mounting plugin AnimationSharing
LogPluginManager: Mounting plugin CLionSourceCodeAccess
LogPluginManager: Mounting plugin CodeLiteSourceCodeAccess
LogPluginManager: Mounting plugin GitSourceControl
LogPluginManager: Mounting plugin KDevelopSourceCodeAccess
LogPluginManager: Mounting plugin NullSourceCodeAccess
LogPluginManager: Mounting plugin PerforceSourceControl
LogPluginManager: Mounting plugin SubversionSourceControl
LogPluginManager: Mounting plugin UObjectPlugin
LogPluginManager: Mounting plugin VisualStudioCodeSourceCodeAccess
LogPluginManager: Mounting plugin VisualStudioSourceCodeAccess
LogPluginManager: Mounting plugin XCodeSourceCodeAccess
LogPluginManager: Mounting plugin AssetManagerEditor
LogPluginManager: Mounting plugin CryptoKeys
LogPluginManager: Mounting plugin CurveEditorTools
LogPluginManager: Mounting plugin DataValidation
LogPluginManager: Mounting plugin FacialAnimation
LogPluginManager: Mounting plugin GameplayTagsEditor
LogPluginManager: Mounting plugin MacGraphicsSwitching
LogPluginManager: Mounting plugin MaterialAnalyzer
LogPluginManager: Mounting plugin MobileLauncherProfileWizard
LogPluginManager: Mounting plugin PluginBrowser
LogPluginManager: Mounting plugin SpeedTreeImporter
LogPluginManager: Mounting plugin DatasmithContent
LogPluginManager: Mounting plugin VariantManagerContent
LogPluginManager: Mounting plugin AlembicImporter
LogPluginManager: Mounting plugin AutomationUtils
LogPluginManager: Mounting plugin BackChannel
LogPluginManager: Mounting plugin CharacterAI
LogPluginManager: Mounting plugin GeometryCache
LogPluginManager: Mounting plugin HTML5Networking
LogPluginManager: Mounting plugin PlatformCrypto
LogPluginManager: Mounting plugin ProxyLODPlugin
LogPluginManager: Mounting plugin SkeletalReduction
LogPluginManager: Mounting plugin MagicLeap
LogPluginManager: Mounting plugin MagicLeapMedia
LogPluginManager: Mounting plugin AndroidMedia
LogPluginManager: Mounting plugin AvfMedia
LogPluginManager: Mounting plugin ImgMedia
LogPluginManager: Mounting plugin MediaCompositing
LogPluginManager: Mounting plugin MediaPlayerEditor
LogPluginManager: Mounting plugin WebMMedia
LogPluginManager: Mounting plugin WmfMedia
LogPluginManager: Mounting plugin TcpMessaging
LogPluginManager: Mounting plugin UdpMessaging
LogPluginManager: Mounting plugin ActorSequence
LogPluginManager: Mounting plugin LevelSequenceEditor
LogPluginManager: Mounting plugin MatineeToLevelSequence
LogPluginManager: Mounting plugin NetcodeUnitTest
LogPluginManager: Mounting plugin NUTUnrealEngine4
LogPluginManager: Mounting plugin OnlineSubsystemGooglePlay
LogPluginManager: Mounting plugin OnlineSubsystemIOS
LogPluginManager: Mounting plugin OnlineSubsystem
LogPluginManager: Mounting plugin OnlineSubsystemNull
LogPluginManager: Mounting plugin OnlineSubsystemUtils
LogPluginManager: Mounting plugin LauncherChunkInstaller
LogPluginManager: Mounting plugin AndroidDeviceProfileSelector
LogPluginManager: Mounting plugin AndroidMoviePlayer
LogPluginManager: Mounting plugin AndroidPermission
LogPluginManager: Mounting plugin AppleImageUtils
LogPluginManager: Mounting plugin AppleMoviePlayer
LogPluginManager: Mounting plugin ArchVisCharacter
LogPluginManager: Mounting plugin AudioCapture
LogPluginManager: Mounting plugin CableComponent
LogPluginManager: Mounting plugin CustomMeshComponent
LogPluginManager: Mounting plugin EditableMesh
LogPluginManager: Mounting plugin ExampleDeviceProfileSelector
LogPluginManager: Mounting plugin GoogleCloudMessaging
LogPluginManager: Mounting plugin IOSDeviceProfileSelector
LogPluginManager: Mounting plugin LinuxDeviceProfileSelector
LogPluginManager: Mounting plugin LocationServicesBPLibrary
LogPluginManager: Mounting plugin MobilePatchingUtils
LogPluginManager: Mounting plugin OculusVR
LogPluginManager: Mounting plugin PhysXVehicles
LogPluginManager: Mounting plugin ProceduralMeshComponent
LogPluginManager: Mounting plugin RuntimePhysXCooking
LogPluginManager: Mounting plugin SignificanceManager
LogPluginManager: Mounting plugin SteamVR
LogPluginManager: Mounting plugin WebMMoviePlayer
LogPluginManager: Mounting plugin WindowsMoviePlayer
LogPluginManager: Mounting plugin ScreenshotTools
LogInit: Warning: Incompatible or missing module: Felicia
Running C:/Program Files/Epic Games/UE_4.23/Engine/Binaries/DotNET/UnrealBuildTool.exe Development Win64 -Project="C:/Users/User/Desktop/GAMES/PB-and-Jam/Felicia/Felicia.uproject" -TargetType=Editor -Progress -NoHotReloadFromIDE
Using 'git status' to determine working set for adaptive non-unity build (C:\Users\User\Desktop\GAMES\PB-and-Jam).
Creating makefile for FeliciaEditor (no existing makefile)
@progress push 5%
Parsing headers for FeliciaEditor
  Running UnrealHeaderTool "C:\Users\User\Desktop\GAMES\PB-and-Jam\Felicia\Felicia.uproject" "C:\Users\User\Desktop\GAMES\PB-and-Jam\Felicia\Intermediate\Build\Win64\FeliciaEditor\Development\FeliciaEditor.uhtmanifest" -LogCmds="loginit warning, logexit warning, logdatabase error" -Unattended -WarningsAsErrors -installed
Reflection code generated for FeliciaEditor in 11.033594 seconds
@progress pop
Using Visual Studio 2017 14.16.27023 toolchain (C:\Program Files (x86)\Microsoft Visual Studio\2017\Community\VC\Tools\MSVC\14.16.27023) and Windows 10.0.16299.0 SDK (C:\Program Files (x86)\Windows Kits\10).
Building 9 actions with 8 processes...
  @progress 'Compiling C++ source code...' 0%
  @progress 'Compiling C++ source code...' 11%
  [1/9] Default.rc2
  @progress 'Compiling C++ source code...' 22%
  [2/9] SharedPCH.Engine.cpp
  @progress 'Compiling C++ source code...' 33%
  [3/9] Felicia.init.gen.cpp
  @progress 'Compiling C++ source code...' 44%
  [4/9] FeliciaGameModeBase.cpp
  @progress 'Compiling C++ source code...' 56%
  [5/9] Felicia.cpp
  @progress 'Compiling C++ source code...' 67%
  [6/9] FeliciaGameModeBase.gen.cpp
  @progress 'Compiling C++ source code...' 78%
  [7/9] UE4Editor-Felicia.lib
     Creating library C:\Users\User\Desktop\GAMES\PB-and-Jam\Felicia\Intermediate\Build\Win64\UE4Editor\Development\Felicia\UE4Editor-Felicia.lib and object C:\Users\User\Desktop\GAMES\PB-and-Jam\Felicia\Intermediate\Build\Win64\UE4Editor\Development\Felicia\UE4Editor-Felicia.exp
  @progress 'Compiling C++ source code...' 89%
  [8/9] UE4Editor-Felicia.dll
     Creating library C:\Users\User\Desktop\GAMES\PB-and-Jam\Felicia\Intermediate\Build\Win64\UE4Editor\Development\Felicia\UE4Editor-Felicia.suppressed.lib and object C:\Users\User\Desktop\GAMES\PB-and-Jam\Felicia\Intermediate\Build\Win64\UE4Editor\Development\Felicia\UE4Editor-Felicia.suppressed.exp
  @progress 'Compiling C++ source code...' 100%
  [9/9] FeliciaEditor.target
Total time in Parallel executor: 50.65 seconds
Total execution time: 88.14 seconds
LogInit: Using libcurl 7.55.1-DEV
LogInit:  - built for x86_64-pc-win32
LogInit:  - supports SSL with OpenSSL/1.1.1
LogInit:  - supports HTTP deflate (compression) using libz 1.2.8
LogInit:  - other features:
LogInit:      CURL_VERSION_SSL
LogInit:      CURL_VERSION_LIBZ
LogInit:      CURL_VERSION_IPV6
LogInit:      CURL_VERSION_ASYNCHDNS
LogInit:      CURL_VERSION_LARGEFILE
LogInit:      CURL_VERSION_IDN
LogInit:  CurlRequestOptions (configurable via config and command line):
LogInit:  - bVerifyPeer = true  - Libcurl will verify peer certificate
LogInit:  - bUseHttpProxy = false  - Libcurl will NOT use HTTP proxy
LogInit:  - bDontReuseConnections = false  - Libcurl will reuse connections
LogInit:  - MaxHostConnections = 16  - Libcurl will limit the number of connections to a host
LogInit:  - LocalHostAddr = Default
LogInit:  - BufferSize = 65536
LogOnline: OSS: Creating online subsystem instance for: NULL
LogInit: WinSock: version 1.1 (2.2), MaxSocks=32767, MaxUdp=65467
LogInit: Build: ++UE4+Release-4.23-CL-9631420
LogInit: Engine Version: 4.23.1-9631420+++UE4+Release-4.23
LogInit: Compatible Engine Version: 4.23.0-8386587+++UE4+Release-4.23
LogInit: Net CL: 8386587
LogInit: OS: Windows 7 (Service Pack 1), CPU: Intel(R) Core(TM) i7-4790 CPU @ 3.60GHz, GPU: NVIDIA GeForce GTX 690
LogInit: Compiled (64-bit): Oct 18 2019 02:07:44
LogInit: Compiled with Visual C++: 19.16.27030.01
LogInit: Build Configuration: Development
LogInit: Branch Name: ++UE4+Release-4.23
LogInit: Command Line: 
LogInit: Base Directory: C:/Program Files/Epic Games/UE_4.23/Engine/Binaries/Win64/
LogInit: Installed Engine Build: 1
LogDevObjectVersion: Number of dev versions registered: 23
LogDevObjectVersion:   Dev-Blueprints (B0D832E4-1F89-4F0D-ACCF-7EB736FD4AA2): 10
LogDevObjectVersion:   Dev-Build (E1C64328-A22C-4D53-A36C-8E866417BD8C): 0
LogDevObjectVersion:   Dev-Core (375EC13C-06E4-48FB-B500-84F0262A717E): 3
LogDevObjectVersion:   Dev-Editor (E4B068ED-F494-42E9-A231-DA0B2E46BB41): 34
LogDevObjectVersion:   Dev-Framework (CFFC743F-43B0-4480-9391-14DF171D2073): 35
LogDevObjectVersion:   Dev-Mobile (B02B49B5-BB20-44E9-A304-32B752E40360): 2
LogDevObjectVersion:   Dev-Networking (A4E4105C-59A1-49B5-A7C5-40C4547EDFEE): 0
LogDevObjectVersion:   Dev-Online (39C831C9-5AE6-47DC-9A44-9C173E1C8E7C): 0
LogDevObjectVersion:   Dev-Physics (78F01B33-EBEA-4F98-B9B4-84EACCB95AA2): 0
LogDevObjectVersion:   Dev-Platform (6631380F-2D4D-43E0-8009-CF276956A95A): 0
LogDevObjectVersion:   Dev-Rendering (12F88B9F-8875-4AFC-A67C-D90C383ABD29): 31
LogDevObjectVersion:   Dev-Sequencer (7B5AE74C-D270-4C10-A958-57980B212A5A): 11
LogDevObjectVersion:   Dev-VR (D7296918-1DD6-4BDD-9DE2-64A83CC13884): 2
LogDevObjectVersion:   Dev-LoadTimes (C2A15278-BFE7-4AFE-6C17-90FF531DF755): 1
LogDevObjectVersion:   Private-Geometry (6EACA3D4-40EC-4CC1-B786-8BED09428FC5): 3
LogDevObjectVersion:   Dev-AnimPhys (29E575DD-E0A3-4627-9D10-D276232CDCEA): 17
LogDevObjectVersion:   Dev-Anim (AF43A65D-7FD3-4947-9873-3E8ED9C1BB05): 2
LogDevObjectVersion:   Dev-ReflectionCapture (6B266CEC-1EC7-4B8F-A30B-E4D90942FC07): 1
LogDevObjectVersion:   Dev-Automation (0DF73D61-A23F-47EA-B727-89E90C41499A): 1
LogDevObjectVersion:   FortniteMain (601D1886-AC64-4F84-AA16-D3DE0DEAC7D6): 27
LogDevObjectVersion:   Dev-Enterprise (9DFFBCD6-494F-0158-E221-12823C92A888): 6
LogDevObjectVersion:   Dev-Niagara (F2AED0AC-9AFE-416F-8664-AA7FFA26D6FC): 1
LogDevObjectVersion:   Dev-Destruction (174F1F0B-B4C6-45A5-B13F-2EE8D0FB917D): 9
LogInit: Presizing for max 16777216 objects, including 0 objects not considered by GC, pre-allocating 0 bytes for permanent pool.
LogInit: Object subsystem initialized
LogConfig: Setting CVar [[con.DebugEarlyDefault:1]]
LogConfig: Setting CVar [[r.setres:1280x720]]
[2020.01.29-03.09.07:585][  0]LogConfig: Setting CVar [[r.VSync:0]]
[2020.01.29-03.09.07:585][  0]LogConfig: Setting CVar [[r.RHICmdBypass:0]]
[2020.01.29-03.09.07:597][  0]LogConfig: Applying CVar settings from Section [/Script/Engine.RendererSettings] File [C:/Users/User/Desktop/GAMES/PB-and-Jam/Felicia/Saved/Config/Windows/Engine.ini]
[2020.01.29-03.09.07:597][  0]LogConfig: Setting CVar [[r.GPUCrashDebugging:0]]
[2020.01.29-03.09.07:597][  0]LogConfig: Setting CVar [[r.DefaultFeature.AutoExposure.ExtendDefaultLuminanceRange:1]]
[2020.01.29-03.09.07:597][  0]LogConfig: Applying CVar settings from Section [/Script/Engine.RendererOverrideSettings] File [C:/Users/User/Desktop/GAMES/PB-and-Jam/Felicia/Saved/Config/Windows/Engine.ini]
[2020.01.29-03.09.07:597][  0]LogConfig: Applying CVar settings from Section [/Script/Engine.StreamingSettings] File [C:/Users/User/Desktop/GAMES/PB-and-Jam/Felicia/Saved/Config/Windows/Engine.ini]
[2020.01.29-03.09.07:597][  0]LogConfig: Setting CVar [[s.MinBulkDataSizeForAsyncLoading:131072]]
[2020.01.29-03.09.07:597][  0]LogConfig: Setting CVar [[s.AsyncLoadingThreadEnabled:0]]
[2020.01.29-03.09.07:597][  0]LogConfig: Setting CVar [[s.EventDrivenLoaderEnabled:1]]
[2020.01.29-03.09.07:597][  0]LogConfig: Setting CVar [[s.WarnIfTimeLimitExceeded:0]]
[2020.01.29-03.09.07:597][  0]LogConfig: Setting CVar [[s.TimeLimitExceededMultiplier:1.5]]
[2020.01.29-03.09.07:597][  0]LogConfig: Setting CVar [[s.TimeLimitExceededMinTime:0.005]]
[2020.01.29-03.09.07:597][  0]LogConfig: Setting CVar [[s.UseBackgroundLevelStreaming:1]]
[2020.01.29-03.09.07:597][  0]LogConfig: Setting CVar [[s.PriorityAsyncLoadingExtraTime:15.0]]
[2020.01.29-03.09.07:597][  0]LogConfig: Setting CVar [[s.LevelStreamingActorsUpdateTimeLimit:5.0]]
[2020.01.29-03.09.07:597][  0]LogConfig: Setting CVar [[s.PriorityLevelStreamingActorsUpdateExtraTime:5.0]]
[2020.01.29-03.09.07:597][  0]LogConfig: Setting CVar [[s.LevelStreamingComponentsRegistrationGranularity:10]]
[2020.01.29-03.09.07:597][  0]LogConfig: Setting CVar [[s.UnregisterComponentsTimeLimit:1.0]]
[2020.01.29-03.09.07:597][  0]LogConfig: Setting CVar [[s.LevelStreamingComponentsUnregistrationGranularity:5]]
[2020.01.29-03.09.07:597][  0]LogConfig: Applying CVar settings from Section [/Script/Engine.GarbageCollectionSettings] File [C:/Users/User/Desktop/GAMES/PB-and-Jam/Felicia/Saved/Config/Windows/Engine.ini]
[2020.01.29-03.09.07:597][  0]LogConfig: Setting CVar [[gc.MaxObjectsNotConsideredByGC:1]]
[2020.01.29-03.09.07:597][  0]LogConfig: Setting CVar [[gc.SizeOfPermanentObjectPool:0]]
[2020.01.29-03.09.07:597][  0]LogConfig: Setting CVar [[gc.FlushStreamingOnGC:0]]
[2020.01.29-03.09.07:597][  0]LogConfig: Setting CVar [[gc.NumRetriesBeforeForcingGC:10]]
[2020.01.29-03.09.07:597][  0]LogConfig: Setting CVar [[gc.AllowParallelGC:1]]
[2020.01.29-03.09.07:597][  0]LogConfig: Setting CVar [[gc.TimeBetweenPurgingPendingKillObjects:61.1]]
[2020.01.29-03.09.07:597][  0]LogConfig: Setting CVar [[gc.MaxObjectsInEditor:16777216]]
[2020.01.29-03.09.07:597][  0]LogConfig: Setting CVar [[gc.IncrementalBeginDestroyEnabled:1]]
[2020.01.29-03.09.07:597][  0]LogConfig: Setting CVar [[gc.CreateGCClusters:1]]
[2020.01.29-03.09.07:597][  0]LogConfig: Setting CVar [[gc.MinGCClusterSize:5]]
[2020.01.29-03.09.07:597][  0]LogConfig: Setting CVar [[gc.ActorClusteringEnabled:0]]
[2020.01.29-03.09.07:597][  0]LogConfig: Setting CVar [[gc.BlueprintClusteringEnabled:0]]
[2020.01.29-03.09.07:597][  0]LogConfig: Setting CVar [[gc.UseDisregardForGCOnDedicatedServers:0]]
[2020.01.29-03.09.07:597][  0]LogConfig: Applying CVar settings from Section [/Script/Engine.NetworkSettings] File [C:/Users/User/Desktop/GAMES/PB-and-Jam/Felicia/Saved/Config/Windows/Engine.ini]
[2020.01.29-03.09.07:597][  0]LogConfig: Applying CVar settings from Section [/Script/UnrealEd.CookerSettings] File [C:/Users/User/Desktop/GAMES/PB-and-Jam/Felicia/Saved/Config/Windows/Engine.ini]
[2020.01.29-03.09.08:149][  0]LogConfig: Applying CVar settings from Section [ViewDistanceQuality@3] File [C:/Users/User/Desktop/GAMES/PB-and-Jam/Felicia/Saved/Config/Windows/Scalability.ini]
[2020.01.29-03.09.08:149][  0]LogConfig: Setting CVar [[r.SkeletalMeshLODBias:0]]
[2020.01.29-03.09.08:149][  0]LogConfig: Setting CVar [[r.ViewDistanceScale:1.0]]
[2020.01.29-03.09.08:149][  0]LogConfig: Applying CVar settings from Section [AntiAliasingQuality@3] File [C:/Users/User/Desktop/GAMES/PB-and-Jam/Felicia/Saved/Config/Windows/Scalability.ini]
[2020.01.29-03.09.08:149][  0]LogConfig: Setting CVar [[r.PostProcessAAQuality:4]]
[2020.01.29-03.09.08:149][  0]LogConfig: Applying CVar settings from Section [ShadowQuality@3] File [C:/Users/User/Desktop/GAMES/PB-and-Jam/Felicia/Saved/Config/Windows/Scalability.ini]
[2020.01.29-03.09.08:149][  0]LogConfig: Setting CVar [[r.LightFunctionQuality:1]]
[2020.01.29-03.09.08:149][  0]LogConfig: Setting CVar [[r.ShadowQuality:5]]
[2020.01.29-03.09.08:149][  0]LogConfig: Setting CVar [[r.Shadow.CSM.MaxCascades:10]]
[2020.01.29-03.09.08:149][  0]LogConfig: Setting CVar [[r.Shadow.MaxResolution:2048]]
[2020.01.29-03.09.08:149][  0]LogConfig: Setting CVar [[r.Shadow.MaxCSMResolution:2048]]
[2020.01.29-03.09.08:149][  0]LogConfig: Setting CVar [[r.Shadow.RadiusThreshold:0.01]]
[2020.01.29-03.09.08:149][  0]LogConfig: Setting CVar [[r.Shadow.DistanceScale:1.0]]
[2020.01.29-03.09.08:149][  0]LogConfig: Setting CVar [[r.Shadow.CSM.TransitionScale:1.0]]
[2020.01.29-03.09.08:149][  0]LogConfig: Setting CVar [[r.Shadow.PreShadowResolutionFactor:1.0]]
[2020.01.29-03.09.08:149][  0]LogConfig: Setting CVar [[r.DistanceFieldShadowing:1]]
[2020.01.29-03.09.08:149][  0]LogConfig: Setting CVar [[r.DistanceFieldAO:1]]
[2020.01.29-03.09.08:149][  0]LogConfig: Setting CVar [[r.AOQuality:2]]
[2020.01.29-03.09.08:149][  0]LogConfig: Setting CVar [[r.VolumetricFog:1]]
[2020.01.29-03.09.08:149][  0]LogConfig: Setting CVar [[r.VolumetricFog.GridPixelSize:8]]
[2020.01.29-03.09.08:149][  0]LogConfig: Setting CVar [[r.VolumetricFog.GridSizeZ:128]]
[2020.01.29-03.09.08:149][  0]LogConfig: Setting CVar [[r.VolumetricFog.HistoryMissSupersampleCount:4]]
[2020.01.29-03.09.08:149][  0]LogConfig: Setting CVar [[r.LightMaxDrawDistanceScale:1]]
[2020.01.29-03.09.08:149][  0]LogConfig: Setting CVar [[r.CapsuleShadows:1]]
[2020.01.29-03.09.08:149][  0]LogConfig: Applying CVar settings from Section [PostProcessQuality@3] File [C:/Users/User/Desktop/GAMES/PB-and-Jam/Felicia/Saved/Config/Windows/Scalability.ini]
[2020.01.29-03.09.08:149][  0]LogConfig: Setting CVar [[r.MotionBlurQuality:4]]
[2020.01.29-03.09.08:149][  0]LogConfig: Setting CVar [[r.AmbientOcclusionMipLevelFactor:0.4]]
[2020.01.29-03.09.08:149][  0]LogConfig: Setting CVar [[r.AmbientOcclusionMaxQuality:100]]
[2020.01.29-03.09.08:150][  0]LogConfig: Setting CVar [[r.AmbientOcclusionLevels:-1]]
[2020.01.29-03.09.08:150][  0]LogConfig: Setting CVar [[r.AmbientOcclusionRadiusScale:1.0]]
[2020.01.29-03.09.08:150][  0]LogConfig: Setting CVar [[r.DepthOfFieldQuality:2]]
[2020.01.29-03.09.08:150][  0]LogConfig: Setting CVar [[r.RenderTargetPoolMin:400]]
[2020.01.29-03.09.08:150][  0]LogConfig: Setting CVar [[r.LensFlareQuality:2]]
[2020.01.29-03.09.08:150][  0]LogConfig: Setting CVar [[r.SceneColorFringeQuality:1]]
[2020.01.29-03.09.08:150][  0]LogConfig: Setting CVar [[r.EyeAdaptationQuality:2]]
[2020.01.29-03.09.08:150][  0]LogConfig: Setting CVar [[r.BloomQuality:5]]
[2020.01.29-03.09.08:150][  0]LogConfig: Setting CVar [[r.FastBlurThreshold:100]]
[2020.01.29-03.09.08:150][  0]LogConfig: Setting CVar [[r.Upscale.Quality:3]]
[2020.01.29-03.09.08:150][  0]LogConfig: Setting CVar [[r.Tonemapper.GrainQuantization:1]]
[2020.01.29-03.09.08:150][  0]LogConfig: Setting CVar [[r.LightShaftQuality:1]]
[2020.01.29-03.09.08:150][  0]LogConfig: Setting CVar [[r.Filter.SizeScale:1]]
[2020.01.29-03.09.08:150][  0]LogConfig: Setting CVar [[r.Tonemapper.Quality:5]]
[2020.01.29-03.09.08:150][  0]LogConfig: Setting CVar [[r.DOF.Gather.AccumulatorQuality:1        ; higher gathering accumulator quality]]
[2020.01.29-03.09.08:150][  0]LogConfig: Setting CVar [[r.DOF.Gather.PostfilterMethod:1          ; Median3x3 postfilering method]]
[2020.01.29-03.09.08:150][  0]LogConfig: Setting CVar [[r.DOF.Gather.EnableBokehSettings:0       ; no bokeh simulation when gathering]]
[2020.01.29-03.09.08:150][  0]LogConfig: Setting CVar [[r.DOF.Gather.RingCount:4                 ; medium number of samples when gathering]]
[2020.01.29-03.09.08:150][  0]LogConfig: Setting CVar [[r.DOF.Scatter.ForegroundCompositing:1    ; additive foreground scattering]]
[2020.01.29-03.09.08:150][  0]LogConfig: Setting CVar [[r.DOF.Scatter.BackgroundCompositing:2    ; additive background scattering]]
[2020.01.29-03.09.08:150][  0]LogConfig: Setting CVar [[r.DOF.Scatter.EnableBokehSettings:1      ; bokeh simulation when scattering]]
[2020.01.29-03.09.08:150][  0]LogConfig: Setting CVar [[r.DOF.Scatter.MaxSpriteRatio:0.1         ; only a maximum of 10% of scattered bokeh]]
[2020.01.29-03.09.08:150][  0]LogConfig: Setting CVar [[r.DOF.Recombine.Quality:1                ; cheap slight out of focus]]
[2020.01.29-03.09.08:150][  0]LogConfig: Setting CVar [[r.DOF.Recombine.EnableBokehSettings:0    ; no bokeh simulation on slight out of focus]]
[2020.01.29-03.09.08:150][  0]LogConfig: Setting CVar [[r.DOF.TemporalAAQuality:1                ; more stable temporal accumulation]]
[2020.01.29-03.09.08:150][  0]LogConfig: Setting CVar [[r.DOF.Kernel.MaxForegroundRadius:0.025]]
[2020.01.29-03.09.08:150][  0]LogConfig: Setting CVar [[r.DOF.Kernel.MaxBackgroundRadius:0.025]]
[2020.01.29-03.09.08:150][  0]LogConfig: Applying CVar settings from Section [TextureQuality@3] File [C:/Users/User/Desktop/GAMES/PB-and-Jam/Felicia/Saved/Config/Windows/Scalability.ini]
[2020.01.29-03.09.08:150][  0]LogConfig: Setting CVar [[r.Streaming.MipBias:0]]
[2020.01.29-03.09.08:150][  0]LogConfig: Setting CVar [[r.Streaming.AmortizeCPUToGPUCopy:0]]
[2020.01.29-03.09.08:150][  0]LogConfig: Setting CVar [[r.Streaming.MaxNumTexturesToStreamPerFrame:0]]
[2020.01.29-03.09.08:150][  0]LogConfig: Setting CVar [[r.Streaming.Boost:1]]
[2020.01.29-03.09.08:150][  0]LogConfig: Setting CVar [[r.MaxAnisotropy:8]]
[2020.01.29-03.09.08:150][  0]LogConfig: Setting CVar [[r.Streaming.LimitPoolSizeToVRAM:0]]
[2020.01.29-03.09.08:150][  0]LogConfig: Setting CVar [[r.Streaming.PoolSize:1000]]
[2020.01.29-03.09.08:150][  0]LogConfig: Setting CVar [[r.Streaming.MaxEffectiveScreenSize:0]]
[2020.01.29-03.09.08:150][  0]LogConfig: Applying CVar settings from Section [EffectsQuality@3] File [C:/Users/User/Desktop/GAMES/PB-and-Jam/Felicia/Saved/Config/Windows/Scalability.ini]
[2020.01.29-03.09.08:150][  0]LogConfig: Setting CVar [[r.TranslucencyLightingVolumeDim:64]]
[2020.01.29-03.09.08:150][  0]LogConfig: Setting CVar [[r.RefractionQuality:2]]
[2020.01.29-03.09.08:150][  0]LogConfig: Setting CVar [[r.SSR.Quality:3]]
[2020.01.29-03.09.08:150][  0]LogConfig: Setting CVar [[r.SceneColorFormat:4]]
[2020.01.29-03.09.08:150][  0]LogConfig: Setting CVar [[r.DetailMode:2]]
[2020.01.29-03.09.08:150][  0]LogConfig: Setting CVar [[r.TranslucencyVolumeBlur:1]]
[2020.01.29-03.09.08:150][  0]LogConfig: Setting CVar [[r.MaterialQualityLevel:1 ; High quality]]
[2020.01.29-03.09.08:150][  0]LogConfig: Setting CVar [[r.SSS.Scale:1]]
[2020.01.29-03.09.08:150][  0]LogConfig: Setting CVar [[r.SSS.SampleSet:2]]
[2020.01.29-03.09.08:150][  0]LogConfig: Setting CVar [[r.SSS.Quality:1]]
[2020.01.29-03.09.08:150][  0]LogConfig: Setting CVar [[r.SSS.HalfRes:1]]
[2020.01.29-03.09.08:150][  0]LogConfig: Setting CVar [[r.EmitterSpawnRateScale:1.0]]
[2020.01.29-03.09.08:150][  0]LogConfig: Setting CVar [[r.ParticleLightQuality:2]]
[2020.01.29-03.09.08:150][  0]LogConfig: Applying CVar settings from Section [FoliageQuality@3] File [C:/Users/User/Desktop/GAMES/PB-and-Jam/Felicia/Saved/Config/Windows/Scalability.ini]
[2020.01.29-03.09.08:150][  0]LogConfig: Setting CVar [[foliage.DensityScale:1.0]]
[2020.01.29-03.09.08:150][  0]LogConfig: Setting CVar [[grass.DensityScale:1.0]]
[2020.01.29-03.09.08:159][  0]LogInit: Selected Device Profile: [Windows]
[2020.01.29-03.09.08:163][  0]LogInit: Applying CVar settings loaded from the selected device profile: [Windows]
[2020.01.29-03.09.08:184][  0]LogHAL: Display: Platform has ~ 8 GB [8538755072 / 8589934592 / 8], which maps to Default [LargestMinGB=32, LargerMinGB=12, DefaultMinGB=8, SmallerMinGB=6, SmallestMinGB=0)
[2020.01.29-03.09.08:184][  0]LogInit: Going up to parent DeviceProfile []
[2020.01.29-03.09.08:347][  0]LogConfig: Applying CVar settings from Section [ViewDistanceQuality@2] File [C:/Users/User/Desktop/GAMES/PB-and-Jam/Felicia/Saved/Config/Windows/Scalability.ini]
[2020.01.29-03.09.08:347][  0]LogConfig: Setting CVar [[r.SkeletalMeshLODBias:0]]
[2020.01.29-03.09.08:347][  0]LogConfig: Setting CVar [[r.ViewDistanceScale:0.8]]
[2020.01.29-03.09.08:347][  0]LogConfig: Applying CVar settings from Section [AntiAliasingQuality@2] File [C:/Users/User/Desktop/GAMES/PB-and-Jam/Felicia/Saved/Config/Windows/Scalability.ini]
[2020.01.29-03.09.08:347][  0]LogConfig: Setting CVar [[r.PostProcessAAQuality:3]]
[2020.01.29-03.09.08:347][  0]LogConfig: Applying CVar settings from Section [ShadowQuality@2] File [C:/Users/User/Desktop/GAMES/PB-and-Jam/Felicia/Saved/Config/Windows/Scalability.ini]
[2020.01.29-03.09.08:347][  0]LogConfig: Setting CVar [[r.LightFunctionQuality:1]]
[2020.01.29-03.09.08:347][  0]LogConfig: Setting CVar [[r.ShadowQuality:5]]
[2020.01.29-03.09.08:347][  0]LogConfig: Setting CVar [[r.Shadow.CSM.MaxCascades:4]]
[2020.01.29-03.09.08:347][  0]LogConfig: Setting CVar [[r.Shadow.MaxResolution:1024]]
[2020.01.29-03.09.08:347][  0]LogConfig: Setting CVar [[r.Shadow.MaxCSMResolution:2048]]
[2020.01.29-03.09.08:347][  0]LogConfig: Setting CVar [[r.Shadow.RadiusThreshold:0.04]]
[2020.01.29-03.09.08:347][  0]LogConfig: Setting CVar [[r.Shadow.DistanceScale:0.85]]
[2020.01.29-03.09.08:347][  0]LogConfig: Setting CVar [[r.Shadow.CSM.TransitionScale:0.8]]
[2020.01.29-03.09.08:347][  0]LogConfig: Setting CVar [[r.Shadow.PreShadowResolutionFactor:0.5]]
[2020.01.29-03.09.08:347][  0]LogConfig: Setting CVar [[r.DistanceFieldShadowing:1]]
[2020.01.29-03.09.08:347][  0]LogConfig: Setting CVar [[r.DistanceFieldAO:1]]
[2020.01.29-03.09.08:347][  0]LogConfig: Setting CVar [[r.AOQuality:1]]
[2020.01.29-03.09.08:347][  0]LogConfig: Setting CVar [[r.VolumetricFog:1]]
[2020.01.29-03.09.08:347][  0]LogConfig: Setting CVar [[r.VolumetricFog.GridPixelSize:16]]
[2020.01.29-03.09.08:347][  0]LogConfig: Setting CVar [[r.VolumetricFog.GridSizeZ:64]]
[2020.01.29-03.09.08:347][  0]LogConfig: Setting CVar [[r.VolumetricFog.HistoryMissSupersampleCount:4]]
[2020.01.29-03.09.08:347][  0]LogConfig: Setting CVar [[r.LightMaxDrawDistanceScale:1]]
[2020.01.29-03.09.08:347][  0]LogConfig: Setting CVar [[r.CapsuleShadows:1]]
[2020.01.29-03.09.08:347][  0]LogConfig: Applying CVar settings from Section [PostProcessQuality@2] File [C:/Users/User/Desktop/GAMES/PB-and-Jam/Felicia/Saved/Config/Windows/Scalability.ini]
[2020.01.29-03.09.08:347][  0]LogConfig: Setting CVar [[r.MotionBlurQuality:3]]
[2020.01.29-03.09.08:347][  0]LogConfig: Setting CVar [[r.AmbientOcclusionMipLevelFactor:0.6]]
[2020.01.29-03.09.08:347][  0]LogConfig: Setting CVar [[r.AmbientOcclusionMaxQuality:100]]
[2020.01.29-03.09.08:347][  0]LogConfig: Setting CVar [[r.AmbientOcclusionLevels:-1]]
[2020.01.29-03.09.08:347][  0]LogConfig: Setting CVar [[r.AmbientOcclusionRadiusScale:1.5]]
[2020.01.29-03.09.08:347][  0]LogConfig: Setting CVar [[r.DepthOfFieldQuality:2]]
[2020.01.29-03.09.08:347][  0]LogConfig: Setting CVar [[r.RenderTargetPoolMin:400]]
[2020.01.29-03.09.08:347][  0]LogConfig: Setting CVar [[r.LensFlareQuality:2]]
[2020.01.29-03.09.08:347][  0]LogConfig: Setting CVar [[r.SceneColorFringeQuality:1]]
[2020.01.29-03.09.08:347][  0]LogConfig: Setting CVar [[r.EyeAdaptationQuality:2]]
[2020.01.29-03.09.08:347][  0]LogConfig: Setting CVar [[r.BloomQuality:5]]
[2020.01.29-03.09.08:347][  0]LogConfig: Setting CVar [[r.FastBlurThreshold:3]]
[2020.01.29-03.09.08:347][  0]LogConfig: Setting CVar [[r.Upscale.Quality:2]]
[2020.01.29-03.09.08:347][  0]LogConfig: Setting CVar [[r.Tonemapper.GrainQuantization:1]]
[2020.01.29-03.09.08:347][  0]LogConfig: Setting CVar [[r.LightShaftQuality:1]]
[2020.01.29-03.09.08:347][  0]LogConfig: Setting CVar [[r.Filter.SizeScale:0.8]]
[2020.01.29-03.09.08:347][  0]LogConfig: Setting CVar [[r.Tonemapper.Quality:5]]
[2020.01.29-03.09.08:347][  0]LogConfig: Setting CVar [[r.DOF.Gather.AccumulatorQuality:0        ; lower gathering accumulator quality]]
[2020.01.29-03.09.08:347][  0]LogConfig: Setting CVar [[r.DOF.Gather.PostfilterMethod:2          ; Max3x3 postfilering method]]
[2020.01.29-03.09.08:347][  0]LogConfig: Setting CVar [[r.DOF.Gather.EnableBokehSettings:0       ; no bokeh simulation when gathering]]
[2020.01.29-03.09.08:347][  0]LogConfig: Setting CVar [[r.DOF.Gather.RingCount:4                 ; medium number of samples when gathering]]
[2020.01.29-03.09.08:347][  0]LogConfig: Setting CVar [[r.DOF.Scatter.ForegroundCompositing:1    ; additive foreground scattering]]
[2020.01.29-03.09.08:347][  0]LogConfig: Setting CVar [[r.DOF.Scatter.BackgroundCompositing:1    ; no background occlusion]]
[2020.01.29-03.09.08:348][  0]LogConfig: Setting CVar [[r.DOF.Scatter.EnableBokehSettings:0      ; no bokeh simulation when scattering]]
[2020.01.29-03.09.08:348][  0]LogConfig: Setting CVar [[r.DOF.Scatter.MaxSpriteRatio:0.04        ; only a maximum of 4% of scattered bokeh]]
[2020.01.29-03.09.08:348][  0]LogConfig: Setting CVar [[r.DOF.Recombine.Quality:0                ; no slight out of focus]]
[2020.01.29-03.09.08:348][  0]LogConfig: Setting CVar [[r.DOF.TemporalAAQuality:0                ; faster temporal accumulation]]
[2020.01.29-03.09.08:348][  0]LogConfig: Setting CVar [[r.DOF.Kernel.MaxForegroundRadius:0.012   ; required because of AccumulatorQuality=0]]
[2020.01.29-03.09.08:348][  0]LogConfig: Setting CVar [[r.DOF.Kernel.MaxBackgroundRadius:0.012   ; required because of AccumulatorQuality=0]]
[2020.01.29-03.09.08:348][  0]LogConfig: Applying CVar settings from Section [TextureQuality@2] File [C:/Users/User/Desktop/GAMES/PB-and-Jam/Felicia/Saved/Config/Windows/Scalability.ini]
[2020.01.29-03.09.08:348][  0]LogConfig: Setting CVar [[r.Streaming.MipBias:0]]
[2020.01.29-03.09.08:348][  0]LogConfig: Setting CVar [[r.Streaming.AmortizeCPUToGPUCopy:0]]
[2020.01.29-03.09.08:348][  0]LogConfig: Setting CVar [[r.Streaming.MaxNumTexturesToStreamPerFrame:0]]
[2020.01.29-03.09.08:348][  0]LogConfig: Setting CVar [[r.Streaming.Boost:1]]
[2020.01.29-03.09.08:348][  0]LogConfig: Setting CVar [[r.MaxAnisotropy:4]]
[2020.01.29-03.09.08:348][  0]LogConfig: Setting CVar [[r.Streaming.LimitPoolSizeToVRAM:1]]
[2020.01.29-03.09.08:348][  0]LogConfig: Setting CVar [[r.Streaming.PoolSize:800]]
[2020.01.29-03.09.08:348][  0]LogConfig: Setting CVar [[r.Streaming.MaxEffectiveScreenSize:0]]
[2020.01.29-03.09.08:348][  0]LogConfig: Applying CVar settings from Section [EffectsQuality@2] File [C:/Users/User/Desktop/GAMES/PB-and-Jam/Felicia/Saved/Config/Windows/Scalability.ini]
[2020.01.29-03.09.08:348][  0]LogConfig: Setting CVar [[r.TranslucencyLightingVolumeDim:48]]
[2020.01.29-03.09.08:348][  0]LogConfig: Setting CVar [[r.RefractionQuality:2]]
[2020.01.29-03.09.08:348][  0]LogConfig: Setting CVar [[r.SSR.Quality:2]]
[2020.01.29-03.09.08:348][  0]LogConfig: Setting CVar [[r.SceneColorFormat:3]]
[2020.01.29-03.09.08:348][  0]LogConfig: Setting CVar [[r.DetailMode:1]]
[2020.01.29-03.09.08:348][  0]LogConfig: Setting CVar [[r.TranslucencyVolumeBlur:1]]
[2020.01.29-03.09.08:348][  0]LogConfig: Setting CVar [[r.MaterialQualityLevel:1 ; High quality]]
[2020.01.29-03.09.08:348][  0]LogConfig: Setting CVar [[r.SSS.Scale:1]]
[2020.01.29-03.09.08:348][  0]LogConfig: Setting CVar [[r.SSS.SampleSet:1]]
[2020.01.29-03.09.08:348][  0]LogConfig: Setting CVar [[r.SSS.Quality:-1]]
[2020.01.29-03.09.08:348][  0]LogConfig: Setting CVar [[r.SSS.HalfRes:1]]
[2020.01.29-03.09.08:348][  0]LogConfig: Setting CVar [[r.EmitterSpawnRateScale:0.5]]
[2020.01.29-03.09.08:348][  0]LogConfig: Setting CVar [[r.ParticleLightQuality:1]]
[2020.01.29-03.09.08:348][  0]LogConfig: Applying CVar settings from Section [FoliageQuality@2] File [C:/Users/User/Desktop/GAMES/PB-and-Jam/Felicia/Saved/Config/Windows/Scalability.ini]
[2020.01.29-03.09.08:348][  0]LogConfig: Setting CVar [[foliage.DensityScale:0.8]]
[2020.01.29-03.09.08:348][  0]LogConfig: Setting CVar [[grass.DensityScale:0.8]]
[2020.01.29-03.09.08:348][  0]LogConfig: Applying CVar settings from Section [Startup] File [../../../Engine/Config/ConsoleVariables.ini]
[2020.01.29-03.09.08:349][  0]LogConfig: Setting CVar [[net.UseAdaptiveNetUpdateFrequency:0]]
[2020.01.29-03.09.08:349][  0]LogConfig: Setting CVar [[p.chaos.AllowCreatePhysxBodies:1]]
[2020.01.29-03.09.08:349][  0]LogConfig: Applying CVar settings from Section [ConsoleVariables] File [C:/Users/User/Desktop/GAMES/PB-and-Jam/Felicia/Saved/Config/Windows/Engine.ini]
[2020.01.29-03.09.08:445][  0]LogInit: Computer: PC
[2020.01.29-03.09.08:445][  0]LogInit: User: User
[2020.01.29-03.09.08:445][  0]LogInit: CPU Page size=4096, Cores=4
[2020.01.29-03.09.08:445][  0]LogInit: High frequency timer resolution =3.507529 MHz
[2020.01.29-03.09.08:458][  0]LogMemory: Memory total: Physical=8.0GB (8GB approx)
[2020.01.29-03.09.08:458][  0]LogMemory: Platform Memory Stats for Windows
[2020.01.29-03.09.08:458][  0]LogMemory: Process Physical Memory: 104.51 MB used, 104.51 MB peak
[2020.01.29-03.09.08:458][  0]LogMemory: Process Virtual Memory: 93.03 MB used, 93.03 MB peak
[2020.01.29-03.09.08:458][  0]LogMemory: Physical Memory: 4105.06 MB used,  4038.13 MB free, 8143.19 MB total
[2020.01.29-03.09.08:458][  0]LogMemory: Virtual Memory: 544.03 MB used,  8388064.00 MB free, 8388608.00 MB total
[2020.01.29-03.09.09:151][  0]LogWindows: WindowsPlatformFeatures enabled
[2020.01.29-03.09.18:015][  0]LogInit: Using OS detected language (en-US).
[2020.01.29-03.09.18:015][  0]LogInit: Using OS detected locale (en-US).
[2020.01.29-03.09.18:062][  0]LogTextLocalizationManager: No specific localization for 'en-US' exists, so the 'en' localization will be used.
[2020.01.29-03.09.18:814][  0]LogWindows: Failed to load 'shcore.dll' (GetLastError=126)
[2020.01.29-03.09.18:814][  0]LogWindows: File 'shcore.dll' does not exist
[2020.01.29-03.09.18:814][  0]LogInit: Setting process to DPI aware
[2020.01.29-03.09.22:719][  0]LogSlate: New Slate User Created.  User Index 0, Is Virtual User: 0
[2020.01.29-03.09.22:719][  0]LogSlate: Slate User Registered.  User Index 0, Is Virtual User: 0
[2020.01.29-03.09.28:916][  0]LogHMD: Failed to initialize OpenVR with code 110
[2020.01.29-03.09.28:916][  0]LogD3D11RHI: D3D11 adapters:
[2020.01.29-03.09.30:540][  0]LogD3D11RHI:    0. 'NVIDIA GeForce GTX 690' (Feature Level 11_0)
[2020.01.29-03.09.30:540][  0]LogD3D11RHI:       1979/0/3815 MB DedicatedVideo/DedicatedSystem/SharedSystem, Outputs:1, VendorId:0x10de
[2020.01.29-03.09.30:585][  0]LogD3D11RHI:    1. 'NVIDIA GeForce GTX 690' (Feature Level 11_0)
[2020.01.29-03.09.30:585][  0]LogD3D11RHI:       1979/0/3815 MB DedicatedVideo/DedicatedSystem/SharedSystem, Outputs:1, VendorId:0x10de
[2020.01.29-03.09.30:585][  0]LogD3D11RHI: Chosen D3D11 Adapter: 0
[2020.01.29-03.09.30:699][  0]LogD3D11RHI: Creating new Direct3DDevice
[2020.01.29-03.09.30:699][  0]LogD3D11RHI:     GPU DeviceId: 0x1188 (for the marketing name, search the web for "GPU Device Id")
[2020.01.29-03.09.30:699][  0]LogWindows: EnumDisplayDevices:
[2020.01.29-03.09.30:700][  0]LogWindows:    0. 'NVIDIA GeForce GTX 690' (P:0 D:1)
[2020.01.29-03.09.30:700][  0]LogWindows:    1. 'NVIDIA GeForce GTX 690' (P:0 D:0)
[2020.01.29-03.09.30:700][  0]LogWindows:    2. 'NVIDIA GeForce GTX 690' (P:0 D:0)
[2020.01.29-03.09.30:700][  0]LogWindows:    3. 'NVIDIA GeForce GTX 690' (P:0 D:0)
[2020.01.29-03.09.30:700][  0]LogWindows:    4. 'NVIDIA GeForce GTX 690' (P:1 D:1)
[2020.01.29-03.09.30:701][  0]LogWindows:    5. 'NVIDIA GeForce GTX 690' (P:0 D:0)
[2020.01.29-03.09.30:701][  0]LogWindows:    6. 'RDPDD Chained DD' (P:0 D:0)
[2020.01.29-03.09.30:701][  0]LogWindows:    7. 'RDP Encoder Mirror Driver' (P:0 D:0)
[2020.01.29-03.09.30:701][  0]LogWindows:    8. 'RDP Reflector Display Driver' (P:0 D:0)
[2020.01.29-03.09.30:701][  0]LogWindows: DebugString: GetVideoDriverDetailsInvalid PrimaryIsNotTheChoosenAdapter GetVideoDriverDetailsInvalid PrimaryIsNotTheChoosenAdapter GetVideoDriverDetailsInvalid PrimaryIsNotTheChoosenAdapter FoundDriverCount:6 
[2020.01.29-03.09.30:701][  0]LogD3D11RHI:     Adapter Name: NVIDIA GeForce GTX 690
[2020.01.29-03.09.30:701][  0]LogD3D11RHI:   Driver Version: 441.08 (internal:26.21.14.4108, unified:441.08)
[2020.01.29-03.09.30:701][  0]LogD3D11RHI:      Driver Date: 10-22-2019
[2020.01.29-03.09.30:701][  0]LogRHI: Texture pool is 1385 MB (70% of 1979 MB)
[2020.01.29-03.09.30:823][  0]LogD3D11RHI: Async texture creation enabled
[2020.01.29-03.09.31:253][  0]LogD3D11RHI: GPU Timing Frequency: 1000.000000 (Debug: 2 2)
[2020.01.29-03.09.31:910][  0]LogTemp: Display: Module 'AllDesktopTargetPlatform' loaded TargetPlatform 'AllDesktop'
[2020.01.29-03.09.31:941][  0]LogTemp: Display: Module 'MacClientTargetPlatform' loaded TargetPlatform 'MacClient'
[2020.01.29-03.09.31:956][  0]LogTemp: Display: Module 'MacNoEditorTargetPlatform' loaded TargetPlatform 'MacNoEditor'
[2020.01.29-03.09.31:968][  0]LogTemp: Display: Module 'MacServerTargetPlatform' loaded TargetPlatform 'MacServer'
[2020.01.29-03.09.32:017][  0]LogTemp: Display: Module 'MacTargetPlatform' loaded TargetPlatform 'Mac'
[2020.01.29-03.09.32:060][  0]LogTemp: Display: Module 'WindowsClientTargetPlatform' loaded TargetPlatform 'WindowsClient'
[2020.01.29-03.09.32:127][  0]LogTemp: Display: Module 'WindowsNoEditorTargetPlatform' loaded TargetPlatform 'WindowsNoEditor'
[2020.01.29-03.09.32:162][  0]LogTemp: Display: Module 'WindowsServerTargetPlatform' loaded TargetPlatform 'WindowsServer'
[2020.01.29-03.09.32:171][  0]LogTemp: Display: Module 'WindowsTargetPlatform' loaded TargetPlatform 'Windows'
[2020.01.29-03.09.32:246][  0]LogTemp: Display: Module 'AndroidTargetPlatform' loaded TargetPlatform 'Android'
[2020.01.29-03.09.32:246][  0]LogTemp: Display: Module 'AndroidTargetPlatform' loaded TargetPlatform 'Android_ASTC'
[2020.01.29-03.09.32:246][  0]LogTemp: Display: Module 'AndroidTargetPlatform' loaded TargetPlatform 'Android_ATC'
[2020.01.29-03.09.32:246][  0]LogTemp: Display: Module 'AndroidTargetPlatform' loaded TargetPlatform 'Android_DXT'
[2020.01.29-03.09.32:246][  0]LogTemp: Display: Module 'AndroidTargetPlatform' loaded TargetPlatform 'Android_ETC1'
[2020.01.29-03.09.32:246][  0]LogTemp: Display: Module 'AndroidTargetPlatform' loaded TargetPlatform 'Android_ETC1a'
[2020.01.29-03.09.32:246][  0]LogTemp: Display: Module 'AndroidTargetPlatform' loaded TargetPlatform 'Android_ETC2'
[2020.01.29-03.09.32:246][  0]LogTemp: Display: Module 'AndroidTargetPlatform' loaded TargetPlatform 'Android_PVRTC'
[2020.01.29-03.09.32:246][  0]LogTemp: Display: Module 'AndroidTargetPlatform' loaded TargetPlatform 'AndroidClient'
[2020.01.29-03.09.32:246][  0]LogTemp: Display: Module 'AndroidTargetPlatform' loaded TargetPlatform 'Android_ASTCClient'
[2020.01.29-03.09.32:246][  0]LogTemp: Display: Module 'AndroidTargetPlatform' loaded TargetPlatform 'Android_ATCClient'
[2020.01.29-03.09.32:246][  0]LogTemp: Display: Module 'AndroidTargetPlatform' loaded TargetPlatform 'Android_DXTClient'
[2020.01.29-03.09.32:246][  0]LogTemp: Display: Module 'AndroidTargetPlatform' loaded TargetPlatform 'Android_ETC1Client'
[2020.01.29-03.09.32:246][  0]LogTemp: Display: Module 'AndroidTargetPlatform' loaded TargetPlatform 'Android_ETC1aClient'
[2020.01.29-03.09.32:246][  0]LogTemp: Display: Module 'AndroidTargetPlatform' loaded TargetPlatform 'Android_ETC2Client'
[2020.01.29-03.09.32:246][  0]LogTemp: Display: Module 'AndroidTargetPlatform' loaded TargetPlatform 'Android_PVRTCClient'
[2020.01.29-03.09.32:246][  0]LogTemp: Display: Module 'AndroidTargetPlatform' loaded TargetPlatform 'Android_Multi'
[2020.01.29-03.09.32:246][  0]LogTemp: Display: Module 'AndroidTargetPlatform' loaded TargetPlatform 'Android_MultiClient'
[2020.01.29-03.09.32:274][  0]LogTemp: Display: Module 'HTML5TargetPlatform' loaded TargetPlatform 'HTML5'
[2020.01.29-03.09.32:439][  0]LogTemp: Display: Module 'IOSTargetPlatform' loaded TargetPlatform 'IOSClient'
[2020.01.29-03.09.32:439][  0]LogTemp: Display: Module 'IOSTargetPlatform' loaded TargetPlatform 'IOS'
[2020.01.29-03.09.32:501][  0]LogTemp: Display: Module 'TVOSTargetPlatform' loaded TargetPlatform 'TVOSClient'
[2020.01.29-03.09.32:501][  0]LogTemp: Display: Module 'TVOSTargetPlatform' loaded TargetPlatform 'TVOS'
[2020.01.29-03.09.32:534][  0]LogTemp: Display: Module 'LinuxClientTargetPlatform' loaded TargetPlatform 'LinuxClient'
[2020.01.29-03.09.32:544][  0]LogTemp: Display: Module 'LinuxNoEditorTargetPlatform' loaded TargetPlatform 'LinuxNoEditor'
[2020.01.29-03.09.32:556][  0]LogTemp: Display: Module 'LinuxServerTargetPlatform' loaded TargetPlatform 'LinuxServer'
[2020.01.29-03.09.32:660][  0]LogTemp: Display: Module 'LinuxTargetPlatform' loaded TargetPlatform 'Linux'
[2020.01.29-03.09.32:697][  0]LogTemp: Display: Module 'LuminTargetPlatform' loaded TargetPlatform 'Lumin'
[2020.01.29-03.09.32:698][  0]LogTemp: Display: Module 'LuminTargetPlatform' loaded TargetPlatform 'LuminClient'
[2020.01.29-03.09.32:698][  0]LogTargetPlatformManager: Display: Building Assets For Windows
[2020.01.29-03.09.33:456][  0]LogAudioDebug: Display: Lib vorbis DLL was dynamically loaded.
[2020.01.29-03.09.34:702][  0]LogShaderCompilers: Guid format shader working directory is -16 characters bigger than the processId version (../../../../../../Users/User/Desktop/GAMES/PB-and-Jam/Felicia/Intermediate/Shaders/WorkingDirectory/5868/).
[2020.01.29-03.09.34:702][  0]LogShaderCompilers: Cleaned the shader compiler working directory 'C:/Users/User/AppData/Local/Temp/UnrealShaderWorkingDir/650E245C4E7E3442FF808EB0C8A57883/'.
[2020.01.29-03.09.34:735][  0]LogXGEController: Cleaning working directory: C:/Users/User/AppData/Local/Temp/UnrealXGEWorkingDir/
[2020.01.29-03.09.34:735][  0]LogXGEController: Cannot use XGE Controller as Incredibuild is not installed on this machine.
[2020.01.29-03.09.34:754][  0]LogShaderCompilers: Cannot use XGE Shader Compiler as Incredibuild is not installed on this machine.
[2020.01.29-03.09.34:754][  0]LogShaderCompilers: Display: Using Local Shader Compiler.
[2020.01.29-03.09.36:624][  0]LogDerivedDataCache: Display: Max Cache Size: 512 MB
[2020.01.29-03.09.36:625][  0]LogDerivedDataCache: Display: Starting with empty Boot cache
[2020.01.29-03.09.36:625][  0]LogDerivedDataCache: FDerivedDataBackendGraph:  Pak pak cache file ../../../../../../Users/User/Desktop/GAMES/PB-and-Jam/Felicia/DerivedDataCache/DDC.ddp not found, will not use a pak cache.
[2020.01.29-03.09.36:625][  0]LogDerivedDataCache: Unable to find inner node Pak for hierarchical cache Hierarchy.
[2020.01.29-03.09.36:625][  0]LogDerivedDataCache: FDerivedDataBackendGraph:  CompressedPak pak cache file ../../../../../../Users/User/Desktop/GAMES/PB-and-Jam/Felicia/DerivedDataCache/Compressed.ddp not found, will not use a pak cache.
[2020.01.29-03.09.36:625][  0]LogDerivedDataCache: Unable to find inner node CompressedPak for hierarchical cache Hierarchy.
[2020.01.29-03.09.36:666][  0]LogDerivedDataCache: Display: Pak cache opened for reading ../../../Engine/DerivedDataCache/Compressed.ddp.
[2020.01.29-03.09.36:666][  0]LogDerivedDataCache: FDerivedDataBackendGraph:  EnterprisePak pak cache file ../../../Enterprise/DerivedDataCache/Compressed.ddp not found, will not use a pak cache.
[2020.01.29-03.09.36:666][  0]LogDerivedDataCache: Unable to find inner node EnterprisePak for hierarchical cache Hierarchy.
[2020.01.29-03.09.36:668][  0]LogDerivedDataCache: Using Local data cache path C:/Users/User/AppData/Local/UnrealEngine/Common/DerivedDataCache: Writable
[2020.01.29-03.09.36:668][  0]LogDerivedDataCache: Shared data cache path not found in *engine.ini, will not use an Shared cache.
[2020.01.29-03.09.36:668][  0]LogDerivedDataCache: Unable to find inner node Shared for hierarchical cache Hierarchy.
[2020.01.29-03.09.37:396][  0]LogMaterial: Verifying Global Shaders for PCD3D_SM5
[2020.01.29-03.09.37:552][  0]LogSlate: Using FreeType 2.6.0
[2020.01.29-03.09.37:655][  0]LogSlate: SlateFontServices - WITH_FREETYPE: 1, WITH_HARFBUZZ: 1
[2020.01.29-03.09.38:621][  0]LogAssetRegistry: FAssetRegistry took 0.0267 seconds to start up
[2020.01.29-03.09.49:604][  0]LogInit: Selected Device Profile: [Windows]
[2020.01.29-03.10.00:404][  0]LogMeshReduction: Using QuadricMeshReduction for automatic static mesh reduction
[2020.01.29-03.10.00:404][  0]LogMeshReduction: Using SimplygonMeshReduction for automatic skeletal mesh reduction
[2020.01.29-03.10.00:404][  0]LogMeshReduction: Using ProxyLODMeshReduction for automatic mesh merging
[2020.01.29-03.10.00:404][  0]LogMeshReduction: No distributed automatic mesh merging module available
[2020.01.29-03.10.00:404][  0]LogMeshMerging: No distributed automatic mesh merging module available
[2020.01.29-03.10.04:671][  0]LogNetVersion: Felicia 1.0.0, NetCL: 8386587, EngineNetVer: 11, GameNetVer: 0 (Checksum: 3648348405)
[2020.01.29-03.10.37:128][  0]LogPackageLocalizationCache: Processed 12 localized package path(s) for 1 prioritized culture(s) in 0.160005 seconds
[2020.01.29-03.10.37:136][  0]LogUObjectArray: 43444 objects as part of root set at end of initial load.
[2020.01.29-03.10.37:136][  0]LogUObjectAllocator: 7548648 out of 0 bytes used by permanent object pool.
[2020.01.29-03.10.37:136][  0]LogUObjectArray: CloseDisregardForGC: 0/0 objects in disregard for GC pool
[2020.01.29-03.11.27:374][  0]LogTcpMessaging: Initializing TcpMessaging bridge
[2020.01.29-03.11.27:429][  0]LogUdpMessaging: Initializing bridge on interface 0.0.0.0:0 to multicast group 230.0.0.1:6666.
[2020.01.29-03.11.28:603][  0]SourceControl: Source control is disabled
[2020.01.29-03.11.28:617][  0]SourceControl: Source control is disabled
[2020.01.29-03.11.28:707][  0]SourceControl: Source control is disabled
[2020.01.29-03.11.28:726][  0]SourceControl: Source control is disabled
[2020.01.29-03.11.30:771][  0]LogAndroidPermission: UAndroidPermissionCallbackProxy::GetInstance
[2020.01.29-03.11.31:818][  0]LogOcInput: OculusInput pre-init called
[2020.01.29-03.11.31:900][  0]LogWindows: Failed to load 'OVRPlugin.dll' (GetLastError=126)
[2020.01.29-03.11.31:900][  0]LogWindows: File 'OVRPlugin.dll' does not exist
[2020.01.29-03.11.33:354][  0]LogEngine: Initializing Engine...
[2020.01.29-03.11.33:399][  0]LogHMD: Failed to initialize OpenVR with code 110
[2020.01.29-03.11.33:445][  0]LogStats: UGameplayTagsManager::InitializeManager -  0.031 s
[2020.01.29-03.11.34:631][  0]LogInit: Initializing FReadOnlyCVARCache
[2020.01.29-03.11.35:021][  0]LogAIModule: Creating AISystem for world Untitled
[2020.01.29-03.11.35:332][  0]LogInit: XAudio2 using 'Headphones (H Series Stereo Track Usb Audio)' : 2 channels at 44.1 kHz using 16 bits per sample (channel mask 0x3)
[2020.01.29-03.11.35:379][  0]LogInit: FAudioDevice initialized.
[2020.01.29-03.11.35:379][  0]LogNetVersion: Set ProjectVersion to 1.0.0.0. Version Checksum will be recalculated on next use.
[2020.01.29-03.11.36:273][  0]LogDerivedDataCache: Saved boot cache 0.89s 73MB C:/Users/User/AppData/Local/UnrealEngine/4.23/DerivedDataCache/Boot.ddc.
[2020.01.29-03.11.36:274][  0]LogInit: Texture streaming: Enabled
[2020.01.29-03.11.36:559][  0]LogEngineSessionManager: EngineSessionManager initialized
[2020.01.29-03.11.36:559][  0]LogEditorSessionSummary: Verbose: Initializing EditorSessionSummaryWriter for editor session tracking
[2020.01.29-03.11.36:733][  0]LogEditorSessionSummary: EditorSessionSummaryWriter initialized
[2020.01.29-03.11.37:390][  0]LogInit: Transaction tracking system initialized
[2020.01.29-03.11.38:992][  0]BlueprintLog: New page: Editor Load
[2020.01.29-03.11.41:398][  0]LocalizationService: Localization service is disabled
[2020.01.29-03.11.42:132][  0]LogLinker: Warning: Failed to load '/Game/ThirdPersonBP/ThirdPersonOverview': Can't find file.
[2020.01.29-03.11.42:132][  0]LogLinker: Warning: Failed to load '/Game/ThirdPersonBP/ThirdPersonOverview': Can't find file.
[2020.01.29-03.11.42:132][  0]LogUObjectGlobals: Warning: Failed to find object 'Class /Game/ThirdPersonBP/ThirdPersonOverview.ThirdPersonOverview_C'
[2020.01.29-03.11.44:164][  0]LogFileCache: Scanning file cache for directory 'C:/Users/User/Desktop/GAMES/PB-and-Jam/Felicia/Content/' took 0.01s
[2020.01.29-03.11.44:164][  0]LogCook: Display: Max memory allowance for cook 16384mb min free memory 0mb
[2020.01.29-03.11.44:164][  0]LogCook: Display: Mobile HDR setting 1
[2020.01.29-03.11.48:309][  0]SourceControl: Source control is disabled
[2020.01.29-03.11.48:362][  0]Cmd: MAP LOAD FILE="../../../../../../Users/User/Desktop/GAMES/PB-and-Jam/Felicia/Content/StarterContent/Maps/Minimal_Default.umap" TEMPLATE=0 SHOWPROGRESS=1 FEATURELEVEL=3
[2020.01.29-03.11.48:364][  0]LightingResults: New page: Lighting Build
[2020.01.29-03.11.48:588][  0]LogWorld: UWorld::CleanupWorld for Untitled, bSessionEnded=true, bCleanupResources=true
[2020.01.29-03.11.48:644][  0]MapCheck: New page: Map Check
[2020.01.29-03.11.48:644][  0]LightingResults: New page: Lighting Build
[2020.01.29-03.11.48:938][  0]LogUObjectHash: Compacting FUObjectHashTables data took   1.67ms
[2020.01.29-03.11.49:634][  0]LogLinker: Warning: While loading '../../../../../../Users/User/Desktop/GAMES/PB-and-Jam/Felicia/Content/StarterContent/Maps/Minimal_Default.umap' failed to load '/Game/StarterContent/Maps/Minimal_Default_BuiltData': Can't find file.
[2020.01.29-03.11.49:634][  0]LogLinker: Warning: While loading '../../../../../../Users/User/Desktop/GAMES/PB-and-Jam/Felicia/Content/StarterContent/Maps/Minimal_Default.umap' failed to load '/Game/StarterContent/Maps/Minimal_Default_BuiltData': Can't find file.
[2020.01.29-03.11.49:904][  0]LogLinker: Warning: While loading '../../../../../../Users/User/Desktop/GAMES/PB-and-Jam/Felicia/Content/StarterContent/Maps/Minimal_Default.umap' failed to load '/Game/StarterContent/Maps/Minimal_Default_BuiltData': Can't find file.
[2020.01.29-03.11.49:904][  0]LogLinker: Warning: While loading '../../../../../../Users/User/Desktop/GAMES/PB-and-Jam/Felicia/Content/StarterContent/Maps/Minimal_Default.umap' failed to load '/Game/StarterContent/Maps/Minimal_Default_BuiltData': Can't find file.
[2020.01.29-03.11.50:074][  0]LogLinker: Warning: Failed to load '/Game/StarterContent/Maps/Minimal_Default_BuiltData': Can't find file.
[2020.01.29-03.11.50:074][  0]LogLinker: Warning: Failed to load '/Game/StarterContent/Maps/Minimal_Default_BuiltData': Can't find file.
[2020.01.29-03.11.50:074][  0]LogLinker: Warning: Failed to load '/Game/StarterContent/Maps/Minimal_Default_BuiltData': Can't find file.
[2020.01.29-03.11.50:074][  0]LogLinker: Warning: Failed to load '/Game/StarterContent/Maps/Minimal_Default_BuiltData': Can't find file.
[2020.01.29-03.11.50:117][  0]LogLinker: Warning: While loading '../../../../../../Users/User/Desktop/GAMES/PB-and-Jam/Felicia/Content/StarterContent/Maps/Minimal_Default.umap' failed to load '/Game/StarterContent/Maps/Minimal_Default_BuiltData': Can't find file.
[2020.01.29-03.11.50:118][  0]LoadErrors: Failed to load /Game/StarterContent/Maps/Minimal_Default_BuiltData.Minimal_Default_BuiltData Referenced by PersistentLevel
[2020.01.29-03.11.50:118][  0]LogLinker: Warning: While loading '../../../../../../Users/User/Desktop/GAMES/PB-and-Jam/Felicia/Content/StarterContent/Maps/Minimal_Default.umap' failed to load '/Game/StarterContent/Maps/Minimal_Default_BuiltData': Can't find file.
[2020.01.29-03.11.50:118][  0]LoadErrors: Failed to load /Game/StarterContent/Maps/Minimal_Default_BuiltData.Minimal_Default_BuiltData Referenced by PersistentLevel
[2020.01.29-03.11.51:194][  0]LogStaticMesh: Building static mesh Floor_400x400...
[2020.01.29-03.11.51:205][  0]LogStaticMesh: Built static mesh [0.01s] /Game/StarterContent/Architecture/Floor_400x400.Floor_400x400
[2020.01.29-03.11.51:682][  0]LogAIModule: Creating AISystem for world Minimal_Default
[2020.01.29-03.11.52:378][  0]LogEditorServer: Finished looking for orphan Actors (0.000 secs)
[2020.01.29-03.11.52:589][  0]LogUObjectHash: Compacting FUObjectHashTables data took   2.87ms
[2020.01.29-03.11.52:589][  0]Cmd: MAP CHECKDEP NOCLEARLOG
[2020.01.29-03.11.52:590][  0]MapCheck: Map check complete: 0 Error(s), 0 Warning(s), took 0.371ms to complete.
[2020.01.29-03.11.52:590][  0]LogFileHelpers: Loading map 'Minimal_Default' took 4.263
[2020.01.29-03.11.58:432][  0]LogSlate: Updating window title bar state: overlay mode, drag disabled, window buttons hidden, title bar hidden
[2020.01.29-03.11.58:443][  0]LogSlate: Updating window title bar state: overlay mode, drag disabled, window buttons hidden, title bar hidden
[2020.01.29-03.11.58:454][  0]LogSlate: Updating window title bar state: overlay mode, drag disabled, window buttons hidden, title bar hidden
[2020.01.29-03.11.58:464][  0]LogSlate: Updating window title bar state: overlay mode, drag disabled, window buttons hidden, title bar hidden
[2020.01.29-03.11.59:717][  0]LogCollectionManager: Loaded 0 collections in 0.002376 seconds
[2020.01.29-03.12.02:142][  0]LogFileCache: Scanning file cache for directory 'C:/Users/User/Desktop/GAMES/PB-and-Jam/Felicia/Saved/Collections/' took 0.00s
[2020.01.29-03.12.02:142][  0]LogFileCache: Scanning file cache for directory 'C:/Users/User/Desktop/GAMES/PB-and-Jam/Felicia/Content/Developers/User/Collections/' took 0.00s
[2020.01.29-03.12.02:142][  0]LogFileCache: Scanning file cache for directory 'C:/Users/User/Desktop/GAMES/PB-and-Jam/Felicia/Content/Collections/' took 0.00s
[2020.01.29-03.12.02:142][  0]LogCollectionManager: Rebuilt the GUID cache for 0 collections in 0.000011 seconds
[2020.01.29-03.12.02:456][  0]LogContentBrowser: Native class hierarchy populated in 0.2395 seconds. Added 2864 classes and 682 folders.
[2020.01.29-03.12.03:377][  0]LogContentBrowser: Native class hierarchy updated for 'WidgetCarousel' in 0.0005 seconds. Added 0 classes and 0 folders.
[2020.01.29-03.12.04:867][  0]LogContentBrowser: Native class hierarchy updated for 'AddContentDialog' in 0.0006 seconds. Added 0 classes and 0 folders.
[2020.01.29-03.12.05:068][  0]LogContentBrowser: Native class hierarchy updated for 'SceneOutliner' in 0.0005 seconds. Added 1 classes and 2 folders.
[2020.01.29-03.12.05:741][  0]LogSlate: Took 0.025324 seconds to synchronously load lazily loaded font '../../../Engine/Content/Slate/Fonts/Roboto-Regular.ttf' (155K)
[2020.01.29-03.12.05:786][  0]LogSlate: Took 0.043414 seconds to synchronously load lazily loaded font '../../../Engine/Content/Slate/Fonts/Roboto-Bold.ttf' (160K)
[2020.01.29-03.12.05:825][  0]LogSlate: Took 0.022453 seconds to synchronously load lazily loaded font '../../../Engine/Content/Editor/Slate/Fonts/FontAwesome.ttf' (139K)
[2020.01.29-03.12.06:423][  0]LogRenderer: Reallocating scene render targets to support 1616x808 Format 9 NumSamples 1 (Frame:1).
[2020.01.29-03.12.07:830][  0]LogContentBrowser: Native class hierarchy updated for 'HierarchicalLODOutliner' in 0.0012 seconds. Added 0 classes and 0 folders.
[2020.01.29-03.12.07:830][  0]LogLoad: (Engine Initialization) Total time: 280.74 seconds
[2020.01.29-03.12.07:830][  0]LogLoad: (Engine Initialization) Total Blueprint compile time: 0.00 seconds
[2020.01.29-03.12.08:416][  0]LogContentStreaming: Texture pool size now 800 MB
[2020.01.29-03.12.08:611][  0]LogSlate: FSceneViewport::OnFocusLost() reason 5
[2020.01.29-03.12.08:862][  1]LogAssetRegistry: Asset discovery search completed in 150.2665 seconds
[2020.01.29-03.12.08:866][  1]LogCollectionManager: Rebuilt the object cache for 0 collections in 0.000007 seconds (found 0 objects)
[2020.01.29-03.12.08:866][  1]LogCollectionManager: Fixed up redirectors for 0 collections in 0.000061 seconds (updated 0 objects)
[2020.01.29-03.12.12:172][251]LogSlate: Window 'Message Log' being destroyed
[2020.01.29-03.12.12:212][251]LogSlate: Window 'Message Log' being destroyed
[2020.01.29-03.23.30:591][428]LogSlate: FSceneViewport::OnFocusLost() reason 0
[2020.01.29-03.23.30:858][428]LogTemp: Repeating last play command: Selected Viewport
[2020.01.29-03.23.31:046][428]LogBlueprintUserMessages: Early PlayInEditor Detection: Level '/Game/StarterContent/Maps/Minimal_Default.Minimal_Default:PersistentLevel' has LevelScriptBlueprint '/Game/StarterContent/Maps/Minimal_Default.Minimal_Default:PersistentLevel.Minimal_Default' with GeneratedClass '/Game/StarterContent/Maps/Minimal_Default.Minimal_Default_C' with ClassGeneratedBy '/Game/StarterContent/Maps/Minimal_Default.Minimal_Default:PersistentLevel.Minimal_Default'
[2020.01.29-03.23.31:089][428]LogPlayLevel: PlayLevel: No blueprints needed recompiling
[2020.01.29-03.23.31:306][428]PIE: New page: PIE session: Minimal_Default (Jan 28, 2020, 11:23:31 AM)
[2020.01.29-03.23.31:468][428]LogOnline: OSS: Creating online subsystem instance for: NULL
[2020.01.29-03.23.31:473][428]LogPlayLevel: Creating play world package: /Game/StarterContent/Maps/UEDPIE_0_Minimal_Default
[2020.01.29-03.23.31:477][428]LogPlayLevel: PIE: StaticDuplicateObject took: (0.003602s)
[2020.01.29-03.23.31:478][428]LogAIModule: Creating AISystem for world Minimal_Default
[2020.01.29-03.23.31:478][428]LogPlayLevel: PIE: World Init took: (0.001262s)
[2020.01.29-03.23.31:478][428]LogPlayLevel: PIE: Created PIE world by copying editor world from /Game/StarterContent/Maps/Minimal_Default.Minimal_Default to /Game/StarterContent/Maps/UEDPIE_0_Minimal_Default.Minimal_Default (0.005108s)
[2020.01.29-03.23.31:501][428]LogUObjectHash: Compacting FUObjectHashTables data took   1.48ms
[2020.01.29-03.23.31:679][428]LogInit: XAudio2 using 'Headphones (H Series Stereo Track Usb Audio)' : 2 channels at 44.1 kHz using 16 bits per sample (channel mask 0x3)
[2020.01.29-03.23.31:686][428]LogInit: FAudioDevice initialized.
[2020.01.29-03.23.31:695][428]LogUObjectGlobals: Warning: Failed to find object 'Class /Script/Felicia.FeliciaGameMode'
[2020.01.29-03.23.31:695][428]LogLoad: Game class is 'GameModeBase'
[2020.01.29-03.23.31:750][428]LogWorld: Bringing World /Game/StarterContent/Maps/UEDPIE_0_Minimal_Default.Minimal_Default up for play (max tick rate 0) at 2020.01.28-19.23.31
[2020.01.29-03.23.31:907][428]LogWorld: Bringing up level for play took: 0.157351
[2020.01.29-03.23.31:907][428]LogOnline: OSS: Creating online subsystem instance for: :Context_1
[2020.01.29-03.23.32:962][428]LogContentBrowser: Native class hierarchy updated for 'MovieSceneCapture' in 0.0007 seconds. Added 20 classes and 0 folders.
[2020.01.29-03.23.33:550][428]PIE: Play in editor start time for /Game/StarterContent/Maps/UEDPIE_0_Minimal_Default 3.281
[2020.01.29-03.23.33:550][428]LogBlueprintUserMessages: Late PlayInEditor Detection: Level '/Game/StarterContent/Maps/Minimal_Default.Minimal_Default:PersistentLevel' has LevelScriptBlueprint '/Game/StarterContent/Maps/Minimal_Default.Minimal_Default:PersistentLevel.Minimal_Default' with GeneratedClass '/Game/StarterContent/Maps/Minimal_Default.Minimal_Default_C' with ClassGeneratedBy '/Game/StarterContent/Maps/Minimal_Default.Minimal_Default:PersistentLevel.Minimal_Default'
[2020.01.29-03.23.51:471][344]LogSlate: FSceneViewport::OnFocusLost() reason 0
[2020.01.29-03.23.51:669][344]LogBlueprintUserMessages: Early EndPlayMap Detection: Level '/Game/StarterContent/Maps/Minimal_Default.Minimal_Default:PersistentLevel' has LevelScriptBlueprint '/Game/StarterContent/Maps/Minimal_Default.Minimal_Default:PersistentLevel.Minimal_Default' with GeneratedClass '/Game/StarterContent/Maps/Minimal_Default.Minimal_Default_C' with ClassGeneratedBy '/Game/StarterContent/Maps/Minimal_Default.Minimal_Default:PersistentLevel.Minimal_Default'
[2020.01.29-03.23.51:711][344]LogSlate: Updating window title bar state: overlay mode, drag disabled, window buttons hidden, title bar hidden
[2020.01.29-03.23.51:711][344]LogWorld: BeginTearingDown for /Game/StarterContent/Maps/UEDPIE_0_Minimal_Default
[2020.01.29-03.23.51:769][344]LogWorld: UWorld::CleanupWorld for Minimal_Default, bSessionEnded=true, bCleanupResources=true
[2020.01.29-03.23.51:867][344]LogPlayLevel: Display: Shutting down PIE online subsystems
[2020.01.29-03.23.51:868][344]LogBlueprintUserMessages: Late EndPlayMap Detection: Level '/Game/StarterContent/Maps/Minimal_Default.Minimal_Default:PersistentLevel' has LevelScriptBlueprint '/Game/StarterContent/Maps/Minimal_Default.Minimal_Default:PersistentLevel.Minimal_Default' with GeneratedClass '/Game/StarterContent/Maps/Minimal_Default.Minimal_Default_C' with ClassGeneratedBy '/Game/StarterContent/Maps/Minimal_Default.Minimal_Default:PersistentLevel.Minimal_Default'
[2020.01.29-03.23.51:943][344]LogSlate: Updating window title bar state: overlay mode, drag disabled, window buttons hidden, title bar hidden
[2020.01.29-03.23.52:138][344]LogUObjectHash: Compacting FUObjectHashTables data took   1.56ms
[2020.01.29-03.23.52:149][345]LogPlayLevel: Display: Destroying online subsystem :Context_1
[2020.01.29-03.24.08:562][467]LogSlate: Took 0.019054 seconds to synchronously load lazily loaded font '../../../Engine/Content/Slate/Fonts/Roboto-Light.ttf' (167K)
[2020.01.29-03.27.32:685][112]LogUObjectHash: Compacting FUObjectHashTables data took   0.79ms
[2020.01.29-03.27.32:731][112]LogSlate: Window 'Felicia - Unreal Editor' being destroyed
[2020.01.29-03.27.33:063][113]Cmd: QUIT_EDITOR
[2020.01.29-03.27.33:376][113]LogExit: Preparing to exit.
[2020.01.29-03.27.33:663][113]LogDemo: Cleaned up 0 splitscreen connections with owner deletion
[2020.01.29-03.27.33:683][113]LogWorld: UWorld::CleanupWorld for None, bSessionEnded=true, bCleanupResources=true
[2020.01.29-03.27.33:683][113]LogExit: Editor shut down
[2020.01.29-03.27.33:683][113]LogExit: Transaction tracking system shut down
[2020.01.29-03.27.34:810][113]LogExit: Object subsystem successfully closed.
[2020.01.29-03.27.34:852][113]LogShaderCompilers: Display: Shaders left to compile 0
[2020.01.29-03.27.35:955][113]LogModuleManager: Shutting down and abandoning module MovieSceneCapture (676)
[2020.01.29-03.27.35:955][113]LogModuleManager: Shutting down and abandoning module Voice (674)
[2020.01.29-03.27.35:956][113]LogModuleManager: Shutting down and abandoning module HierarchicalLODOutliner (672)
[2020.01.29-03.27.35:956][113]LogModuleManager: Shutting down and abandoning module SceneOutliner (670)
[2020.01.29-03.27.35:956][113]LogModuleManager: Shutting down and abandoning module AddContentDialog (668)
[2020.01.29-03.27.35:956][113]LogModuleManager: Shutting down and abandoning module WidgetCarousel (667)
[2020.01.29-03.27.35:956][113]LogModuleManager: Shutting down and abandoning module EditorWidgets (664)
[2020.01.29-03.27.35:956][113]LogModuleManager: Shutting down and abandoning module CollectionManager (662)
[2020.01.29-03.27.35:956][113]LogModuleManager: Shutting down and abandoning module MeshBuilder (660)
[2020.01.29-03.27.35:956][113]LogModuleManager: Shutting down and abandoning module StatsViewer (658)
[2020.01.29-03.27.35:956][113]LogModuleManager: Shutting down and abandoning module VirtualTexturingEditor (656)
[2020.01.29-03.27.35:956][113]LogModuleManager: Shutting down and abandoning module FoliageEdit (654)
[2020.01.29-03.27.35:956][113]LogModuleManager: Shutting down and abandoning module LandscapeEditor (652)
[2020.01.29-03.27.36:015][113]LogModuleManager: Shutting down and abandoning module MeshPaintMode (650)
[2020.01.29-03.27.36:015][113]LogModuleManager: Shutting down and abandoning module SceneDepthPickerMode (648)
[2020.01.29-03.27.36:015][113]LogModuleManager: Shutting down and abandoning module ActorPickerMode (646)
[2020.01.29-03.27.36:015][113]LogModuleManager: Shutting down and abandoning module GeometryMode (644)
[2020.01.29-03.27.36:015][113]LogModuleManager: Shutting down and abandoning module TextureAlignMode (642)
[2020.01.29-03.27.36:015][113]LogModuleManager: Shutting down and abandoning module BspMode (640)
[2020.01.29-03.27.36:015][113]LogModuleManager: Shutting down and abandoning module PIEPreviewDeviceProfileSelector (638)
[2020.01.29-03.27.36:031][113]LogModuleManager: Shutting down and abandoning module SequenceRecorderSections (636)
[2020.01.29-03.27.36:031][113]LogModuleManager: Shutting down and abandoning module AutomationWorker (634)
[2020.01.29-03.27.36:031][113]LogModuleManager: Shutting down and abandoning module OculusMR (632)
[2020.01.29-03.27.36:031][113]LogModuleManager: Shutting down and abandoning module AudioCaptureEditor (630)
[2020.01.29-03.27.36:031][113]LogModuleManager: Shutting down and abandoning module MatineeToLevelSequence (628)
[2020.01.29-03.27.36:032][113]LogModuleManager: Shutting down and abandoning module LevelSequenceEditor (626)
[2020.01.29-03.27.36:157][113]LogModuleManager: Shutting down and abandoning module PlacementMode (625)
[2020.01.29-03.27.36:158][113]LogModuleManager: Shutting down and abandoning module MaterialEditor (624)
[2020.01.29-03.27.36:178][113]LogModuleManager: Shutting down and abandoning module ActorSequenceEditor (620)
[2020.01.29-03.27.36:178][113]LogModuleManager: Shutting down and abandoning module WmfMediaFactory (618)
[2020.01.29-03.27.36:178][113]LogModuleManager: Shutting down and abandoning module WmfMediaEditor (616)
[2020.01.29-03.27.36:178][113]LogModuleManager: Shutting down and abandoning module WebMMediaFactory (614)
[2020.01.29-03.27.36:178][113]LogModuleManager: Shutting down and abandoning module WebMMediaEditor (612)
[2020.01.29-03.27.36:178][113]LogModuleManager: Shutting down and abandoning module WebMMedia (610)
[2020.01.29-03.27.36:178][113]LogModuleManager: Shutting down and abandoning module MediaPlayerEditor (608)
[2020.01.29-03.27.36:192][113]LogModuleManager: Shutting down and abandoning module MediaCompositingEditor (606)
[2020.01.29-03.27.36:192][113]LogModuleManager: Shutting down and abandoning module SequenceRecorder (605)
[2020.01.29-03.27.36:192][113]LogModuleManager: Shutting down and abandoning module OpenExrWrapper (602)
[2020.01.29-03.27.36:192][113]LogModuleManager: Shutting down and abandoning module ImgMediaFactory (600)
[2020.01.29-03.27.36:192][113]LogModuleManager: Shutting down and abandoning module ImgMediaEditor (598)
[2020.01.29-03.27.36:192][113]LogModuleManager: Shutting down and abandoning module AvfMediaFactory (596)
[2020.01.29-03.27.36:192][113]LogModuleManager: Shutting down and abandoning module AvfMediaEditor (594)
[2020.01.29-03.27.36:192][113]LogModuleManager: Shutting down and abandoning module AndroidMediaFactory (592)
[2020.01.29-03.27.36:192][113]LogModuleManager: Shutting down and abandoning module AndroidMediaEditor (590)
[2020.01.29-03.27.36:192][113]LogModuleManager: Shutting down and abandoning module MagicLeapCameraPreviewFactory (588)
[2020.01.29-03.27.36:192][113]LogModuleManager: Shutting down and abandoning module MagicLeapMediaCodecFactory (586)
[2020.01.29-03.27.36:192][113]LogModuleManager: Shutting down and abandoning module MagicLeapMediaFactory (584)
[2020.01.29-03.27.36:192][113]LogModuleManager: Shutting down and abandoning module MagicLeapMediaEditor (582)
[2020.01.29-03.27.36:192][113]LogModuleManager: Shutting down and abandoning module CharacterAI (580)
[2020.01.29-03.27.36:192][113]LogModuleManager: Shutting down and abandoning module SmartSnapping (578)
[2020.01.29-03.27.36:192][113]LogModuleManager: Shutting down and abandoning module SessionServices (576)
[2020.01.29-03.27.36:192][113]LogModuleManager: Shutting down and abandoning module MeshPaint (574)
[2020.01.29-03.27.36:192][113]LogModuleManager: Shutting down and abandoning module ViewportSnapping (572)
[2020.01.29-03.27.36:192][113]LogModuleManager: Shutting down and abandoning module ViewportInteraction (570)
[2020.01.29-03.27.36:192][113]LogModuleManager: Shutting down and abandoning module ClothPainter (568)
[2020.01.29-03.27.36:264][113]LogModuleManager: Shutting down and abandoning module SkeletalMeshEditor (567)
[2020.01.29-03.27.36:265][113]LogModuleManager: Shutting down and abandoning module LogVisualizer (564)
[2020.01.29-03.27.36:265][113]LogModuleManager: Shutting down and abandoning module IntroTutorials (562)
[2020.01.29-03.27.36:265][113]LogModuleManager: Shutting down and abandoning module GameProjectGeneration (561)
[2020.01.29-03.27.36:265][113]LogModuleManager: Shutting down and abandoning module LuminPlatformEditor (558)
[2020.01.29-03.27.36:266][113]LogModuleManager: Shutting down and abandoning module IOSPlatformEditor (556)
[2020.01.29-03.27.36:266][113]LogModuleManager: Shutting down and abandoning module HTML5PlatformEditor (554)
[2020.01.29-03.27.36:266][113]LogModuleManager: Shutting down and abandoning module AndroidPlatformEditor (552)
[2020.01.29-03.27.36:266][113]LogModuleManager: Shutting down and abandoning module AndroidDeviceDetection (551)
[2020.01.29-03.27.37:053][113]LogModuleManager: Shutting down and abandoning module WindowsPlatformEditor (548)
[2020.01.29-03.27.37:053][113]LogModuleManager: Shutting down and abandoning module LuminRuntimeSettings (546)
[2020.01.29-03.27.37:053][113]LogModuleManager: Shutting down and abandoning module IOSRuntimeSettings (544)
[2020.01.29-03.27.37:053][113]LogModuleManager: Shutting down and abandoning module AndroidRuntimeSettings (542)
[2020.01.29-03.27.37:053][113]LogModuleManager: Shutting down and abandoning module TimeManagementEditor (540)
[2020.01.29-03.27.37:053][113]LogModuleManager: Shutting down and abandoning module InputBindingEditor (538)
[2020.01.29-03.27.37:053][113]LogModuleManager: Shutting down and abandoning module MergeActors (536)
[2020.01.29-03.27.37:073][113]LogModuleManager: Shutting down and abandoning module LocalizationDashboard (534)
[2020.01.29-03.27.37:073][113]LogModuleManager: Shutting down and abandoning module LocalizationService (533)
[2020.01.29-03.27.37:073][113]LogModuleManager: Shutting down and abandoning module HardwareTargeting (530)
[2020.01.29-03.27.37:073][113]LogModuleManager: Shutting down and abandoning module DeviceProfileEditor (528)
[2020.01.29-03.27.37:073][113]LogModuleManager: Shutting down and abandoning module UndoHistory (526)
[2020.01.29-03.27.37:073][113]LogModuleManager: Shutting down and abandoning module XmlParser (524)
[2020.01.29-03.27.37:073][113]LogModuleManager: Shutting down and abandoning module Blutility (522)
[2020.01.29-03.27.37:073][113]LogModuleManager: Shutting down and abandoning module ProjectSettingsViewer (520)
[2020.01.29-03.27.37:073][113]LogModuleManager: Shutting down and abandoning module ProjectTargetPlatformEditor (519)
[2020.01.29-03.27.37:073][113]LogModuleManager: Shutting down and abandoning module EditorSettingsViewer (516)
[2020.01.29-03.27.37:073][113]LogModuleManager: Shutting down and abandoning module SettingsEditor (514)
[2020.01.29-03.27.37:073][113]LogModuleManager: Shutting down and abandoning module ProjectLauncher (512)
[2020.01.29-03.27.37:084][113]LogModuleManager: Shutting down and abandoning module SessionFrontend (510)
[2020.01.29-03.27.37:084][113]LogModuleManager: Shutting down and abandoning module ProfilerClient (508)
[2020.01.29-03.27.37:084][113]LogModuleManager: Shutting down and abandoning module DeviceManager (506)
[2020.01.29-03.27.37:084][113]LogModuleManager: Shutting down and abandoning module TargetDeviceServices (505)
[2020.01.29-03.27.37:144][113]LogModuleManager: Shutting down and abandoning module AutomationController (502)
[2020.01.29-03.27.37:144][113]LogModuleManager: Shutting down and abandoning module AutomationWindow (500)
[2020.01.29-03.27.37:157][113]LogModuleManager: Shutting down and abandoning module Layers (498)
[2020.01.29-03.27.37:259][113]LogModuleManager: Shutting down and abandoning module ComponentVisualizers (496)
[2020.01.29-03.27.37:259][113]LogModuleManager: Shutting down and abandoning module DetailCustomizations (494)
[2020.01.29-03.27.37:259][113]LogModuleManager: Shutting down and abandoning module PackagesDialog (492)
[2020.01.29-03.27.37:295][113]LogModuleManager: Shutting down and abandoning module AnimationBlueprintEditor (490)
[2020.01.29-03.27.37:313][113]LogModuleManager: Shutting down and abandoning module Persona (488)
[2020.01.29-03.27.37:352][113]LogModuleManager: Shutting down and abandoning module AdvancedPreviewScene (487)
[2020.01.29-03.27.37:352][113]LogModuleManager: Shutting down and abandoning module AnimGraph (485)
[2020.01.29-03.27.37:352][113]LogModuleManager: Shutting down and abandoning module Kismet (482)
[2020.01.29-03.27.37:361][113]LogModuleManager: Shutting down and abandoning module KismetWidgets (481)
[2020.01.29-03.27.37:365][113]LogModuleManager: Shutting down and abandoning module GraphEditor (478)
[2020.01.29-03.27.37:389][113]LogModuleManager: Shutting down and abandoning module StructViewer (476)
[2020.01.29-03.27.37:389][113]LogModuleManager: Shutting down and abandoning module ClassViewer (474)
[2020.01.29-03.27.37:389][113]LogModuleManager: Shutting down and abandoning module Toolbox (472)
[2020.01.29-03.27.37:389][113]LogModuleManager: Shutting down and abandoning module ModuleUI (470)
[2020.01.29-03.27.37:389][113]LogModuleManager: Shutting down and abandoning module MovieSceneTools (468)
[2020.01.29-03.27.37:389][113]LogModuleManager: Shutting down and abandoning module OutputLog (466)
[2020.01.29-03.27.37:389][113]LogModuleManager: Shutting down and abandoning module GammaUI (464)
[2020.01.29-03.27.37:389][113]LogModuleManager: Shutting down and abandoning module Documentation (462)
[2020.01.29-03.27.37:389][113]LogModuleManager: Shutting down and abandoning module LiveCoding (460)
[2020.01.29-03.27.37:389][113]LogModuleManager: Shutting down and abandoning module LevelSequence (458)
[2020.01.29-03.27.37:390][113]LogModuleManager: Shutting down and abandoning module MovieSceneTracks (456)
[2020.01.29-03.27.37:390][113]LogModuleManager: Shutting down and abandoning module MovieScene (454)
[2020.01.29-03.27.37:390][113]LogModuleManager: Shutting down and abandoning module StreamingPauseRendering (452)
[2020.01.29-03.27.37:390][113]LogModuleManager: Shutting down and abandoning module LauncherPlatform (450)
[2020.01.29-03.27.37:390][113]LogModuleManager: Shutting down and abandoning module AnalyticsET (448)
[2020.01.29-03.27.37:390][113]LogModuleManager: Shutting down and abandoning module PortalServices (446)
[2020.01.29-03.27.37:390][113]LogModuleManager: Shutting down and abandoning module PortalRpc (444)
[2020.01.29-03.27.37:390][113]LogModuleManager: Shutting down and abandoning module MessagingRpc (442)
[2020.01.29-03.27.37:390][113]LogModuleManager: Shutting down and abandoning module AIModule (440)
[2020.01.29-03.27.37:390][113]LogModuleManager: Shutting down and abandoning module GameplayDebugger (439)
[2020.01.29-03.27.37:390][113]LogModuleManager: Shutting down and abandoning module AITestSuite (437)
[2020.01.29-03.27.37:390][113]LogModuleManager: Shutting down and abandoning module NavigationSystem (435)
[2020.01.29-03.27.37:390][113]LogModuleManager: Shutting down and abandoning module ImageWriteQueue (432)
[2020.01.29-03.27.37:392][113]LogModuleManager: Shutting down and abandoning module ProfilerService (430)
[2020.01.29-03.27.37:559][113]LogModuleManager: Shutting down and abandoning module TaskGraph (428)
[2020.01.29-03.27.37:559][113]LogModuleManager: Shutting down and abandoning module ScreenshotTools (426)
[2020.01.29-03.27.37:559][113]LogModuleManager: Shutting down and abandoning module SteamVRController (424)
[2020.01.29-03.27.37:559][113]LogModuleManager: Shutting down and abandoning module ProceduralMeshComponentEditor (422)
[2020.01.29-03.27.37:559][113]LogModuleManager: Shutting down and abandoning module ProceduralMeshComponent (420)
[2020.01.29-03.27.37:575][113]LogModuleManager: Shutting down and abandoning module OculusEditor (418)
[2020.01.29-03.27.37:592][113]LogModuleManager: Shutting down and abandoning module OculusInput (416)
[2020.01.29-03.27.37:592][113]LogModuleManager: Shutting down and abandoning module MobilePatchingUtils (414)
[2020.01.29-03.27.37:592][113]LogModuleManager: Shutting down and abandoning module EditableMesh (412)
[2020.01.29-03.27.37:604][113]LogModuleManager: Shutting down and abandoning module CustomMeshComponent (410)
[2020.01.29-03.27.37:604][113]LogModuleManager: Shutting down and abandoning module CableComponent (408)
[2020.01.29-03.27.37:604][113]LogModuleManager: Shutting down and abandoning module AudioCapture (406)
[2020.01.29-03.27.37:604][113]LogModuleManager: Shutting down and abandoning module ArchVisCharacter (404)
[2020.01.29-03.27.37:604][113]LogModuleManager: Shutting down and abandoning module AppleImageUtilsBlueprintSupport (402)
[2020.01.29-03.27.37:604][113]LogModuleManager: Shutting down and abandoning module AppleImageUtils (400)
[2020.01.29-03.27.37:604][113]LogModuleManager: Shutting down and abandoning module AndroidPermission (398)
[2020.01.29-03.27.37:604][113]LogModuleManager: Shutting down and abandoning module NUTUnrealEngine4 (396)
[2020.01.29-03.27.37:604][113]LogModuleManager: Shutting down and abandoning module NetcodeUnitTest (394)
[2020.01.29-03.27.37:604][113]LogModuleManager: Shutting down and abandoning module MediaCompositing (392)
[2020.01.29-03.27.37:604][113]LogModuleManager: Shutting down and abandoning module ImgMedia (390)
[2020.01.29-03.27.37:604][113]LogModuleManager: Shutting down and abandoning module MagicLeapHelperVulkan (388)
[2020.01.29-03.27.37:604][113]LogModuleManager: Shutting down and abandoning module MagicLeapHelperOpenGL (386)
[2020.01.29-03.27.37:604][113]LogModuleManager: Shutting down and abandoning module MagicLeapAudio (384)
[2020.01.29-03.27.37:604][113]LogModuleManager: Shutting down and abandoning module HTML5Networking (382)
[2020.01.29-03.27.37:604][113]LogModuleManager: Shutting down and abandoning module GeometryCacheTracks (380)
[2020.01.29-03.27.37:604][113]LogModuleManager: Shutting down and abandoning module GeometryCacheSequencer (378)
[2020.01.29-03.27.37:604][113]LogModuleManager: Shutting down and abandoning module BackChannel (376)
[2020.01.29-03.27.37:604][113]LogModuleManager: Shutting down and abandoning module AutomationUtilsEditor (374)
[2020.01.29-03.27.37:604][113]LogModuleManager: Shutting down and abandoning module AutomationUtils (372)
[2020.01.29-03.27.37:604][113]LogModuleManager: Shutting down and abandoning module AlembicImporter (370)
[2020.01.29-03.27.37:604][113]LogModuleManager: Shutting down and abandoning module AlembicLibrary (369)
[2020.01.29-03.27.37:604][113]LogModuleManager: Shutting down and abandoning module GeometryCache (368)
[2020.01.29-03.27.37:604][113]LogModuleManager: Shutting down and abandoning module GeometryCacheEd (367)
[2020.01.29-03.27.37:604][113]LogModuleManager: Shutting down and abandoning module VariantManagerContent (362)
[2020.01.29-03.27.37:604][113]LogModuleManager: Shutting down and abandoning module DatasmithContentEditor (360)
[2020.01.29-03.27.37:604][113]LogModuleManager: Shutting down and abandoning module SpeedTreeImporter (358)
[2020.01.29-03.27.37:604][113]LogModuleManager: Shutting down and abandoning module PluginBrowser (356)
[2020.01.29-03.27.37:604][113]LogModuleManager: Shutting down and abandoning module MobileLauncherProfileWizard (354)
[2020.01.29-03.27.37:605][113]LogModuleManager: Shutting down and abandoning module MaterialAnalyzer (352)
[2020.01.29-03.27.37:605][113]LogModuleManager: Shutting down and abandoning module CurveEditorTools (350)
[2020.01.29-03.27.37:605][113]LogModuleManager: Shutting down and abandoning module CurveEditor (349)
[2020.01.29-03.27.37:667][113]LogModuleManager: Shutting down and abandoning module CryptoKeysOpenSSL (346)
[2020.01.29-03.27.37:667][113]LogModuleManager: Shutting down and abandoning module CryptoKeys (344)
[2020.01.29-03.27.37:667][113]LogModuleManager: Shutting down and abandoning module VisualStudioSourceCodeAccess (342)
[2020.01.29-03.27.37:667][113]LogModuleManager: Shutting down and abandoning module VisualStudioCodeSourceCodeAccess (340)
[2020.01.29-03.27.37:667][113]LogModuleManager: Shutting down and abandoning module UObjectPlugin (338)
[2020.01.29-03.27.37:667][113]LogModuleManager: Shutting down and abandoning module SubversionSourceControl (336)
[2020.01.29-03.27.37:667][113]LogModuleManager: Shutting down and abandoning module PerforceSourceControl (334)
[2020.01.29-03.27.37:710][113]LogModuleManager: Shutting down and abandoning module GitSourceControl (332)
[2020.01.29-03.27.37:710][113]LogModuleManager: Shutting down and abandoning module SourceControl (331)
[2020.01.29-03.27.37:794][113]LogModuleManager: Shutting down and abandoning module CLionSourceCodeAccess (328)
[2020.01.29-03.27.37:794][113]LogModuleManager: Shutting down and abandoning module AnimationSharingEd (326)
[2020.01.29-03.27.37:794][113]LogModuleManager: Shutting down and abandoning module ActorLayerUtilitiesEditor (324)
[2020.01.29-03.27.37:794][113]LogModuleManager: Shutting down and abandoning module ActorLayerUtilities (322)
[2020.01.29-03.27.37:794][113]LogModuleManager: Shutting down and abandoning module LightPropagationVolumeEditor (320)
[2020.01.29-03.27.37:794][113]LogModuleManager: Shutting down and abandoning module PaperTiledImporter (318)
[2020.01.29-03.27.37:794][113]LogModuleManager: Shutting down and abandoning module PaperSpriteSheetImporter (316)
[2020.01.29-03.27.37:794][113]LogModuleManager: Shutting down and abandoning module Paper2DEditor (314)
[2020.01.29-03.27.37:808][113]LogModuleManager: Shutting down and abandoning module Felicia (312)
[2020.01.29-03.27.37:808][113]LogModuleManager: Shutting down and abandoning module SignificanceManager (310)
[2020.01.29-03.27.37:808][113]LogModuleManager: Shutting down and abandoning module RuntimePhysXCooking (308)
[2020.01.29-03.27.37:808][113]LogModuleManager: Shutting down and abandoning module PhysXVehiclesEditor (306)
[2020.01.29-03.27.37:808][113]LogModuleManager: Shutting down and abandoning module LocationServicesBPLibrary (302)
[2020.01.29-03.27.37:808][113]LogModuleManager: Shutting down and abandoning module ActorSequence (300)
[2020.01.29-03.27.37:808][113]LogModuleManager: Shutting down and abandoning module UdpMessaging (298)
[2020.01.29-03.27.37:908][113]LogModuleManager: Shutting down and abandoning module TcpMessaging (296)
[2020.01.29-03.27.38:008][113]LogModuleManager: Shutting down and abandoning module MagicLeapIdentity (294)
[2020.01.29-03.27.38:008][113]LogModuleManager: Shutting down and abandoning module MagicLeapSecureStorage (292)
[2020.01.29-03.27.38:008][113]LogModuleManager: Shutting down and abandoning module MagicLeapHandTracking (290)
[2020.01.29-03.27.38:008][113]LogModuleManager: Shutting down and abandoning module MagicLeapEyeTracker (288)
[2020.01.29-03.27.38:008][113]LogModuleManager: Shutting down and abandoning module MagicLeapController (286)
[2020.01.29-03.27.38:008][113]LogSlate: Slate User Destroyed.  User Index 0, Is Virtual User: 0
[2020.01.29-03.27.38:008][113]LogModuleManager: Shutting down and abandoning module MagicLeapAR (284)
[2020.01.29-03.27.38:008][113]LogModuleManager: Shutting down and abandoning module AugmentedReality (283)
[2020.01.29-03.27.38:008][113]LogModuleManager: Shutting down and abandoning module GameplayTagsEditor (280)
[2020.01.29-03.27.38:030][113]LogModuleManager: Shutting down and abandoning module FacialAnimationEditor (278)
[2020.01.29-03.27.38:030][113]LogModuleManager: Shutting down and abandoning module FacialAnimation (276)
[2020.01.29-03.27.38:030][113]LogModuleManager: Shutting down and abandoning module DataValidation (274)
[2020.01.29-03.27.38:030][113]LogModuleManager: Shutting down and abandoning module AssetManagerEditor (272)
[2020.01.29-03.27.38:050][113]LogModuleManager: Shutting down and abandoning module LevelEditor (271)
[2020.01.29-03.27.38:063][113]LogModuleManager: Shutting down and abandoning module PixelInspectorModule (270)
[2020.01.29-03.27.38:063][113]LogModuleManager: Shutting down and abandoning module CommonMenuExtensions (268)
[2020.01.29-03.27.38:063][113]LogModuleManager: Shutting down and abandoning module MainFrame (266)
[2020.01.29-03.27.38:063][113]LogModuleManager: Shutting down and abandoning module HotReload (265)
[2020.01.29-03.27.38:064][113]LogModuleManager: Shutting down and abandoning module ContentBrowser (261)
[2020.01.29-03.27.38:064][113]LogModuleManager: Shutting down and abandoning module TreeMap (259)
[2020.01.29-03.27.38:065][113]LogModuleManager: Shutting down and abandoning module AnimationSharing (256)
[2020.01.29-03.27.38:065][113]LogModuleManager: Shutting down and abandoning module LightPropagationVolumeRuntime (254)
[2020.01.29-03.27.38:065][113]LogModuleManager: Shutting down and abandoning module Paper2D (252)
[2020.01.29-03.27.38:065][113]LogModuleManager: Shutting down and abandoning module WindowsMoviePlayer (250)
[2020.01.29-03.27.38:067][113]LogModuleManager: Shutting down and abandoning module WebMMoviePlayer (248)
[2020.01.29-03.27.38:067][113]LogModuleManager: Shutting down and abandoning module NetworkReplayStreaming (246)
[2020.01.29-03.27.38:067][113]LogModuleManager: Shutting down and abandoning module PacketHandler (244)
[2020.01.29-03.27.38:067][113]LogModuleManager: Shutting down and abandoning module ClothingSystemEditor (242)
[2020.01.29-03.27.38:067][113]LogModuleManager: Shutting down and abandoning module ClothingSystemRuntime (240)
[2020.01.29-03.27.38:067][113]LogModuleManager: Shutting down and abandoning module MediaAssets (238)
[2020.01.29-03.27.38:067][113]LogModuleManager: Shutting down and abandoning module Overlay (236)
[2020.01.29-03.27.38:067][113]LogModuleManager: Shutting down and abandoning module OverlayEditor (235)
[2020.01.29-03.27.38:067][113]LogModuleManager: Shutting down and abandoning module VREditor (232)
[2020.01.29-03.27.38:087][113]LogModuleManager: Shutting down and abandoning module StringTableEditor (230)
[2020.01.29-03.27.38:087][113]LogModuleManager: Shutting down and abandoning module GameplayTasksEditor (228)
[2020.01.29-03.27.38:087][113]LogModuleManager: Shutting down and abandoning module BehaviorTreeEditor (226)
[2020.01.29-03.27.38:145][113]LogModuleManager: Shutting down and abandoning module FunctionalTesting (224)
[2020.01.29-03.27.38:145][113]LogModuleManager: Shutting down and abandoning module CollisionAnalyzer (222)
[2020.01.29-03.27.38:145][113]LogModuleManager: Shutting down and abandoning module WorkspaceMenuStructure (221)
[2020.01.29-03.27.38:145][113]LogModuleManager: Shutting down and abandoning module UMG (218)
[2020.01.29-03.27.38:171][113]LogModuleManager: Shutting down and abandoning module UMGEditor (217)
[2020.01.29-03.27.38:171][113]LogModuleManager: Shutting down and abandoning module Sequencer (216)
[2020.01.29-03.27.38:311][113]LogModuleManager: Shutting down and abandoning module MessageLog (213)
[2020.01.29-03.27.38:311][113]LogModuleManager: Shutting down and abandoning module SlateReflector (208)
[2020.01.29-03.27.38:326][113]LogModuleManager: Shutting down and abandoning module Slate (206)
[2020.01.29-03.27.38:326][113]LogModuleManager: Shutting down and abandoning module LandscapeEditorUtilities (204)
[2020.01.29-03.27.38:326][113]LogModuleManager: Shutting down and abandoning module EditorStyle (202)
[2020.01.29-03.27.38:328][113]LogModuleManager: Shutting down and abandoning module UnrealEd (200)
[2020.01.29-03.27.38:328][113]LogModuleManager: Shutting down and abandoning module MRMesh (198)
[2020.01.29-03.27.38:328][113]LogModuleManager: Shutting down and abandoning module SourceCodeAccess (196)
[2020.01.29-03.27.38:328][113]LogModuleManager: Shutting down and abandoning module HeadMountedDisplay (194)
[2020.01.29-03.27.38:328][113]LogModuleManager: Shutting down and abandoning module XAudio2 (192)
[2020.01.29-03.27.38:328][113]LogModuleManager: Shutting down and abandoning module Networking (190)
[2020.01.29-03.27.38:328][113]LogModuleManager: Shutting down and abandoning module Core (188)
[2020.01.29-03.27.38:328][113]LogModuleManager: Shutting down and abandoning module KismetCompiler (186)
[2020.01.29-03.27.38:328][113]LogModuleManager: Shutting down and abandoning module MeshUtilities (184)
[2020.01.29-03.27.38:328][113]LogModuleManager: Shutting down and abandoning module MeshMergeUtilities (183)
[2020.01.29-03.27.38:328][113]LogModuleManager: Shutting down and abandoning module MeshReductionInterface (182)
[2020.01.29-03.27.38:328][113]LogModuleManager: Shutting down and abandoning module SkeletalMeshReduction (181)
[2020.01.29-03.27.38:328][113]LogModuleManager: Shutting down and abandoning module ProxyLODMeshReduction (179)
[2020.01.29-03.27.38:346][113]LogModuleManager: Shutting down and abandoning module QuadricMeshReduction (177)
[2020.01.29-03.27.38:346][113]LogModuleManager: Shutting down and abandoning module MaterialBaking (173)
[2020.01.29-03.27.38:387][113]LogModuleManager: Shutting down and abandoning module NullInstallBundleManager (168)
[2020.01.29-03.27.38:387][113]LogModuleManager: Shutting down and abandoning module DerivedDataCache (166)
[2020.01.29-03.27.38:449][113]LogDerivedDataCache: Shutdown
[2020.01.29-03.27.38:449][113]LogModuleManager: Shutting down and abandoning module XGEController (164)
[2020.01.29-03.27.38:449][113]LogXGEController: Cleaning working directory: C:/Users/User/AppData/Local/Temp/UnrealXGEWorkingDir/
[2020.01.29-03.27.38:449][113]LogModuleManager: Shutting down and abandoning module TargetPlatform (162)
[2020.01.29-03.27.38:449][113]LogModuleManager: Shutting down and abandoning module VulkanShaderFormat (161)
[2020.01.29-03.27.38:449][113]LogModuleManager: Shutting down and abandoning module ShaderFormatVectorVM (159)
[2020.01.29-03.27.38:449][113]LogModuleManager: Shutting down and abandoning module ShaderFormatOpenGL (157)
[2020.01.29-03.27.38:449][113]LogModuleManager: Shutting down and abandoning module ShaderFormatD3D (155)
[2020.01.29-03.27.38:449][113]LogModuleManager: Shutting down and abandoning module MetalShaderFormat (153)
[2020.01.29-03.27.38:466][113]LogModuleManager: Shutting down and abandoning module TextureFormatUncompressed (151)
[2020.01.29-03.27.38:467][113]LogModuleManager: Shutting down and abandoning module TextureFormatPVR (149)
[2020.01.29-03.27.38:467][113]LogModuleManager: Shutting down and abandoning module TextureFormatDXT (147)
[2020.01.29-03.27.38:467][113]LogModuleManager: Shutting down and abandoning module TextureFormatIntelISPCTexComp (145)
[2020.01.29-03.27.38:467][113]LogModuleManager: Shutting down and abandoning module TextureFormatASTC (143)
[2020.01.29-03.27.38:467][113]LogModuleManager: Shutting down and abandoning module ImageWrapper (142)
[2020.01.29-03.27.38:467][113]LogModuleManager: Shutting down and abandoning module TextureFormatAndroid (139)
[2020.01.29-03.27.38:467][113]LogModuleManager: Shutting down and abandoning module AudioFormatOpus (137)
[2020.01.29-03.27.38:467][113]LogModuleManager: Shutting down and abandoning module AudioFormatOgg (135)
[2020.01.29-03.27.38:467][113]LogModuleManager: Shutting down and abandoning module AudioFormatADPCM (133)
[2020.01.29-03.27.38:467][113]LogModuleManager: Shutting down and abandoning module LuminTargetPlatform (131)
[2020.01.29-03.27.38:467][113]LogModuleManager: Shutting down and abandoning module LinuxTargetPlatform (129)
[2020.01.29-03.27.38:467][113]LogModuleManager: Shutting down and abandoning module LinuxServerTargetPlatform (127)
[2020.01.29-03.27.38:467][113]LogModuleManager: Shutting down and abandoning module LinuxNoEditorTargetPlatform (125)
[2020.01.29-03.27.38:467][113]LogModuleManager: Shutting down and abandoning module LinuxClientTargetPlatform (123)
[2020.01.29-03.27.38:467][113]LogModuleManager: Shutting down and abandoning module TVOSTargetPlatform (121)
[2020.01.29-03.27.38:468][113]LogModuleManager: Shutting down and abandoning module Messaging (119)
[2020.01.29-03.27.38:468][113]LogModuleManager: Shutting down and abandoning module IOSTargetPlatform (117)
[2020.01.29-03.27.38:469][113]LogModuleManager: Shutting down and abandoning module HTML5TargetPlatform (115)
[2020.01.29-03.27.38:469][113]LogModuleManager: Shutting down and abandoning module AndroidTargetPlatform (113)
[2020.01.29-03.27.38:474][113]LogModuleManager: Shutting down and abandoning module WindowsTargetPlatform (111)
[2020.01.29-03.27.38:474][113]LogModuleManager: Shutting down and abandoning module WindowsServerTargetPlatform (109)
[2020.01.29-03.27.38:474][113]LogModuleManager: Shutting down and abandoning module WindowsNoEditorTargetPlatform (107)
[2020.01.29-03.27.38:474][113]LogModuleManager: Shutting down and abandoning module WindowsClientTargetPlatform (105)
[2020.01.29-03.27.38:474][113]LogModuleManager: Shutting down and abandoning module MacTargetPlatform (103)
[2020.01.29-03.27.38:474][113]LogModuleManager: Shutting down and abandoning module MacServerTargetPlatform (101)
[2020.01.29-03.27.38:474][113]LogModuleManager: Shutting down and abandoning module MacNoEditorTargetPlatform (99)
[2020.01.29-03.27.38:474][113]LogModuleManager: Shutting down and abandoning module MacClientTargetPlatform (97)
[2020.01.29-03.27.38:474][113]LogModuleManager: Shutting down and abandoning module AllDesktopTargetPlatform (95)
[2020.01.29-03.27.38:474][113]LogModuleManager: Shutting down and abandoning module InputCore (92)
[2020.01.29-03.27.38:474][113]LogModuleManager: Shutting down and abandoning module Settings (90)
[2020.01.29-03.27.38:474][113]LogModuleManager: Shutting down and abandoning module DirectoryWatcher (88)
[2020.01.29-03.27.38:475][113]LogModuleManager: Shutting down and abandoning module PhysXCooking (86)
[2020.01.29-03.27.38:475][113]LogModuleManager: Shutting down and abandoning module WindowsPlatformFeatures (84)
[2020.01.29-03.27.38:475][113]LogModuleManager: Shutting down and abandoning module GameplayMediaEncoder (83)
[2020.01.29-03.27.38:475][113]LogModuleManager: Shutting down and abandoning module SteamVR (80)
[2020.01.29-03.27.38:475][113]LogHMD: Freeing OpenVRDLLHandle.
[2020.01.29-03.27.38:475][113]LogModuleManager: Shutting down and abandoning module OculusHMD (78)
[2020.01.29-03.27.38:475][113]LogModuleManager: Shutting down and abandoning module ExampleDeviceProfileSelector (76)
[2020.01.29-03.27.38:475][113]LogModuleManager: Shutting down and abandoning module LauncherChunkInstaller (74)
[2020.01.29-03.27.38:475][113]LogModuleManager: Shutting down and abandoning module OnlineBlueprintSupport (72)
[2020.01.29-03.27.38:475][113]LogModuleManager: Shutting down and abandoning module OnlineSubsystem (68)
[2020.01.29-03.27.38:476][113]LogModuleManager: Shutting down and abandoning module XMPP (63)
[2020.01.29-03.27.38:502][113]LogModuleManager: Shutting down and abandoning module WebSockets (62)
[2020.01.29-03.27.38:586][113]LogModuleManager: Shutting down and abandoning module HTTP (59)
[2020.01.29-03.27.38:586][113]LogHttp: Display: Http module shutting down, but needs to wait on 1 outstanding Http requests:
[2020.01.29-03.27.38:586][113]LogHttp: Display: 	verb=[POST] url=[https://datarouter.ol.epicgames.com/datarouter/api/v1/public/data?SessionID=%7B2F392253-4E0E-D925-70D6-0F86B1E1170F%7D&AppID=UEEditor.Rocket.Release&AppVersion=4.23.1-9631420%2B%2B%2BUE4%2BRelease-4.23&UserID=fbfc0182401f3909faf9dab902fabaa6%7C3c04ed5afeaa44a2a9a882c9458d1c58%7C9873a85b-b92f-405b-a53f-660b2d027a20&AppEnvironment=datacollector-binary&UploadType=eteventstream] status=Processing
[2020.01.29-03.27.38:594][113]LogModuleManager: Shutting down and abandoning module SSL (58)
[2020.01.29-03.27.38:595][113]LogModuleManager: Shutting down and abandoning module WmfMedia (54)
[2020.01.29-03.27.38:621][113]LogModuleManager: Shutting down and abandoning module Media (53)
[2020.01.29-03.27.38:621][113]LogModuleManager: Shutting down and abandoning module MagicLeap (50)
[2020.01.29-03.27.38:621][113]LogModuleManager: Shutting down and abandoning module DatasmithContent (48)
[2020.01.29-03.27.38:622][113]LogModuleManager: Shutting down and abandoning module AISupportModule (46)
[2020.01.29-03.27.38:622][113]LogModuleManager: Shutting down and abandoning module DesktopPlatform (44)
[2020.01.29-03.27.38:622][113]LogModuleManager: Shutting down and abandoning module PlatformCryptoOpenSSL (42)
[2020.01.29-03.27.38:622][113]LogModuleManager: Shutting down and abandoning module PlatformCrypto (40)
[2020.01.29-03.27.38:622][113]LogModuleManager: Shutting down and abandoning module AnimationModifiers (38)
[2020.01.29-03.27.38:622][113]LogModuleManager: Shutting down and abandoning module PropertyEditor (37)
[2020.01.29-03.27.38:622][113]LogModuleManager: Shutting down and abandoning module AudioEditor (34)
[2020.01.29-03.27.38:622][113]LogModuleManager: Shutting down and abandoning module TextureCompressor (32)
[2020.01.29-03.27.38:622][113]LogModuleManager: Shutting down and abandoning module RenderCore (30)
[2020.01.29-03.27.38:622][113]LogModuleManager: Shutting down and abandoning module Landscape (28)
[2020.01.29-03.27.38:622][113]LogModuleManager: Shutting down and abandoning module SlateRHIRenderer (26)
[2020.01.29-03.27.38:623][113]LogModuleManager: Shutting down and abandoning module OpenGLDrv (24)
[2020.01.29-03.27.38:623][113]LogModuleManager: Shutting down and abandoning module D3D11RHI (22)
[2020.01.29-03.27.38:623][113]LogModuleManager: Shutting down and abandoning module AnimGraphRuntime (20)
[2020.01.29-03.27.38:623][113]LogModuleManager: Shutting down and abandoning module Renderer (18)
[2020.01.29-03.27.38:623][113]LogModuleManager: Shutting down and abandoning module Engine (16)
[2020.01.29-03.27.38:623][113]LogModuleManager: Shutting down and abandoning module CoreUObject (14)
[2020.01.29-03.27.38:623][113]LogModuleManager: Shutting down and abandoning module NetworkFile (12)
[2020.01.29-03.27.38:623][113]LogModuleManager: Shutting down and abandoning module CookedIterativeFile (10)
[2020.01.29-03.27.38:623][113]LogModuleManager: Shutting down and abandoning module StreamingFile (8)
[2020.01.29-03.27.38:623][113]LogModuleManager: Shutting down and abandoning module SandboxFile (6)
[2020.01.29-03.27.38:623][113]LogModuleManager: Shutting down and abandoning module PakFile (4)
[2020.01.29-03.27.38:623][113]LogModuleManager: Shutting down and abandoning module RSA (3)
[2020.01.29-03.27.38:624][113]LogD3D11RHI: Shutdown
[2020.01.29-03.27.38:624][113]LogD3D11RHI: CleanupD3DDevice
[2020.01.29-03.27.38:624][113]LogRendererCore: FGlobalDynamicReadBuffer::Cleanup()
[2020.01.29-03.27.38:624][113]LogRendererCore: FGlobalDynamicReadBuffer::Cleanup()
[2020.01.29-03.27.38:624][113]LogRendererCore: FGlobalDynamicReadBuffer::Cleanup()
[2020.01.29-03.27.38:756][113]LogD3D11RHI: ~FD3D11DynamicRHI
[2020.01.29-03.27.38:761][113]LogExit: Exiting.
[2020.01.29-03.27.38:802][113]Log file closed, 01/28/20 19:27:38
