Log file open, 01/31/20 19:45:59
LogWindows: Failed to load 'aqProf.dll' (GetLastError=126)
LogWindows: File 'aqProf.dll' does not exist
LogWindows: Failed to load 'VtuneApi.dll' (GetLastError=126)
LogWindows: File 'VtuneApi.dll' does not exist
LogWindows: Failed to load 'VtuneApi32e.dll' (GetLastError=126)
LogWindows: File 'VtuneApi32e.dll' does not exist
LogConsoleResponse: Display: Failed to find resolution value strings in scalability ini. Falling back to default.
LogInit: Display: Running engine for game: Felicia
LogPlatformFile: Not using cached read wrapper
LogTaskGraph: Started task graph with 5 named threads and 23 total threads with 3 sets of task threads.
LogStats: Stats thread started at 2.499183
LogD3D11RHI: Loaded GFSDK_Aftermath_Lib.x64.dll
LogICUInternationalization: ICU TimeZone Detection - Raw Offset: -7:00, Platform Override: ''
LogPluginManager: Mounting plugin Paper2D
LogPluginManager: Mounting plugin AISupport
LogPluginManager: Mounting plugin LightPropagationVolume
LogPluginManager: Mounting plugin ActorLayerUtilities
LogPluginManager: Mounting plugin AnimationSharing
LogPluginManager: Mounting plugin CLionSourceCodeAccess
LogPluginManager: Mounting plugin CodeLiteSourceCodeAccess
LogPluginManager: Mounting plugin GitSourceControl
LogPluginManager: Mounting plugin KDevelopSourceCodeAccess
LogPluginManager: Mounting plugin NullSourceCodeAccess
LogPluginManager: Mounting plugin PerforceSourceControl
LogPluginManager: Mounting plugin SubversionSourceControl
LogPluginManager: Mounting plugin UObjectPlugin
LogPluginManager: Mounting plugin VisualStudioCodeSourceCodeAccess
LogPluginManager: Mounting plugin VisualStudioSourceCodeAccess
LogPluginManager: Mounting plugin XCodeSourceCodeAccess
LogPluginManager: Mounting plugin AssetManagerEditor
LogPluginManager: Mounting plugin CryptoKeys
LogPluginManager: Mounting plugin CurveEditorTools
LogPluginManager: Mounting plugin DataValidation
LogPluginManager: Mounting plugin FacialAnimation
LogPluginManager: Mounting plugin GameplayTagsEditor
LogPluginManager: Mounting plugin MacGraphicsSwitching
LogPluginManager: Mounting plugin MaterialAnalyzer
LogPluginManager: Mounting plugin MobileLauncherProfileWizard
LogPluginManager: Mounting plugin PluginBrowser
LogPluginManager: Mounting plugin SpeedTreeImporter
LogPluginManager: Mounting plugin DatasmithContent
LogPluginManager: Mounting plugin VariantManagerContent
LogPluginManager: Mounting plugin AlembicImporter
LogPluginManager: Mounting plugin AutomationUtils
LogPluginManager: Mounting plugin BackChannel
LogPluginManager: Mounting plugin CharacterAI
LogPluginManager: Mounting plugin GeometryCache
LogPluginManager: Mounting plugin HTML5Networking
LogPluginManager: Mounting plugin PlatformCrypto
LogPluginManager: Mounting plugin ProxyLODPlugin
LogPluginManager: Mounting plugin SkeletalReduction
LogPluginManager: Mounting plugin MagicLeap
LogPluginManager: Mounting plugin MagicLeapMedia
LogPluginManager: Mounting plugin AndroidMedia
LogPluginManager: Mounting plugin AvfMedia
LogPluginManager: Mounting plugin ImgMedia
LogPluginManager: Mounting plugin MediaCompositing
LogPluginManager: Mounting plugin MediaPlayerEditor
LogPluginManager: Mounting plugin WebMMedia
LogPluginManager: Mounting plugin WmfMedia
LogPluginManager: Mounting plugin TcpMessaging
LogPluginManager: Mounting plugin UdpMessaging
LogPluginManager: Mounting plugin ActorSequence
LogPluginManager: Mounting plugin LevelSequenceEditor
LogPluginManager: Mounting plugin MatineeToLevelSequence
LogPluginManager: Mounting plugin NetcodeUnitTest
LogPluginManager: Mounting plugin NUTUnrealEngine4
LogPluginManager: Mounting plugin OnlineSubsystemGooglePlay
LogPluginManager: Mounting plugin OnlineSubsystemIOS
LogPluginManager: Mounting plugin OnlineSubsystem
LogPluginManager: Mounting plugin OnlineSubsystemNull
LogPluginManager: Mounting plugin OnlineSubsystemUtils
LogPluginManager: Mounting plugin LauncherChunkInstaller
LogPluginManager: Mounting plugin AndroidDeviceProfileSelector
LogPluginManager: Mounting plugin AndroidMoviePlayer
LogPluginManager: Mounting plugin AndroidPermission
LogPluginManager: Mounting plugin AppleImageUtils
LogPluginManager: Mounting plugin AppleMoviePlayer
LogPluginManager: Mounting plugin ArchVisCharacter
LogPluginManager: Mounting plugin AudioCapture
LogPluginManager: Mounting plugin CableComponent
LogPluginManager: Mounting plugin CustomMeshComponent
LogPluginManager: Mounting plugin EditableMesh
LogPluginManager: Mounting plugin ExampleDeviceProfileSelector
LogPluginManager: Mounting plugin GoogleCloudMessaging
LogPluginManager: Mounting plugin IOSDeviceProfileSelector
LogPluginManager: Mounting plugin LinuxDeviceProfileSelector
LogPluginManager: Mounting plugin LocationServicesBPLibrary
LogPluginManager: Mounting plugin MobilePatchingUtils
LogPluginManager: Mounting plugin OculusVR
LogPluginManager: Mounting plugin PhysXVehicles
LogPluginManager: Mounting plugin ProceduralMeshComponent
LogPluginManager: Mounting plugin RuntimePhysXCooking
LogPluginManager: Mounting plugin SignificanceManager
LogPluginManager: Mounting plugin SteamVR
LogPluginManager: Mounting plugin WebMMoviePlayer
LogPluginManager: Mounting plugin WindowsMoviePlayer
LogPluginManager: Mounting plugin ScreenshotTools
LogInit: Using libcurl 7.55.1-DEV
LogInit:  - built for x86_64-pc-win32
LogInit:  - supports SSL with OpenSSL/1.1.1
LogInit:  - supports HTTP deflate (compression) using libz 1.2.8
LogInit:  - other features:
LogInit:      CURL_VERSION_SSL
LogInit:      CURL_VERSION_LIBZ
LogInit:      CURL_VERSION_IPV6
LogInit:      CURL_VERSION_ASYNCHDNS
LogInit:      CURL_VERSION_LARGEFILE
LogInit:      CURL_VERSION_IDN
LogInit:  CurlRequestOptions (configurable via config and command line):
LogInit:  - bVerifyPeer = true  - Libcurl will verify peer certificate
LogInit:  - bUseHttpProxy = false  - Libcurl will NOT use HTTP proxy
LogInit:  - bDontReuseConnections = false  - Libcurl will reuse connections
LogInit:  - MaxHostConnections = 16  - Libcurl will limit the number of connections to a host
LogInit:  - LocalHostAddr = Default
LogInit:  - BufferSize = 65536
LogOnline: OSS: Creating online subsystem instance for: NULL
LogInit: WinSock: version 1.1 (2.2), MaxSocks=32767, MaxUdp=65467
LogInit: Build: ++UE4+Release-4.23-CL-9631420
LogInit: Engine Version: 4.23.1-9631420+++UE4+Release-4.23
LogInit: Compatible Engine Version: 4.23.0-8386587+++UE4+Release-4.23
LogInit: Net CL: 8386587
LogInit: OS: Windows 10 (Release 1903) (), CPU: Intel(R) Core(TM) i7-6700K CPU @ 4.00GHz, GPU: NVIDIA GeForce GTX 1080
LogInit: Compiled (64-bit): Oct 18 2019 02:07:44
LogInit: Compiled with Visual C++: 19.16.27030.01
LogInit: Build Configuration: Development
LogInit: Branch Name: ++UE4+Release-4.23
LogInit: Command Line: 
LogInit: Base Directory: D:/UE_4.23/Engine/Binaries/Win64/
LogInit: Installed Engine Build: 1
LogDevObjectVersion: Number of dev versions registered: 23
LogDevObjectVersion:   Dev-Blueprints (B0D832E4-1F89-4F0D-ACCF-7EB736FD4AA2): 10
LogDevObjectVersion:   Dev-Build (E1C64328-A22C-4D53-A36C-8E866417BD8C): 0
LogDevObjectVersion:   Dev-Core (375EC13C-06E4-48FB-B500-84F0262A717E): 3
LogDevObjectVersion:   Dev-Editor (E4B068ED-F494-42E9-A231-DA0B2E46BB41): 34
LogDevObjectVersion:   Dev-Framework (CFFC743F-43B0-4480-9391-14DF171D2073): 35
LogDevObjectVersion:   Dev-Mobile (B02B49B5-BB20-44E9-A304-32B752E40360): 2
LogDevObjectVersion:   Dev-Networking (A4E4105C-59A1-49B5-A7C5-40C4547EDFEE): 0
LogDevObjectVersion:   Dev-Online (39C831C9-5AE6-47DC-9A44-9C173E1C8E7C): 0
LogDevObjectVersion:   Dev-Physics (78F01B33-EBEA-4F98-B9B4-84EACCB95AA2): 0
LogDevObjectVersion:   Dev-Platform (6631380F-2D4D-43E0-8009-CF276956A95A): 0
LogDevObjectVersion:   Dev-Rendering (12F88B9F-8875-4AFC-A67C-D90C383ABD29): 31
LogDevObjectVersion:   Dev-Sequencer (7B5AE74C-D270-4C10-A958-57980B212A5A): 11
LogDevObjectVersion:   Dev-VR (D7296918-1DD6-4BDD-9DE2-64A83CC13884): 2
LogDevObjectVersion:   Dev-LoadTimes (C2A15278-BFE7-4AFE-6C17-90FF531DF755): 1
LogDevObjectVersion:   Private-Geometry (6EACA3D4-40EC-4CC1-B786-8BED09428FC5): 3
LogDevObjectVersion:   Dev-AnimPhys (29E575DD-E0A3-4627-9D10-D276232CDCEA): 17
LogDevObjectVersion:   Dev-Anim (AF43A65D-7FD3-4947-9873-3E8ED9C1BB05): 2
LogDevObjectVersion:   Dev-ReflectionCapture (6B266CEC-1EC7-4B8F-A30B-E4D90942FC07): 1
LogDevObjectVersion:   Dev-Automation (0DF73D61-A23F-47EA-B727-89E90C41499A): 1
LogDevObjectVersion:   FortniteMain (601D1886-AC64-4F84-AA16-D3DE0DEAC7D6): 27
LogDevObjectVersion:   Dev-Enterprise (9DFFBCD6-494F-0158-E221-12823C92A888): 6
LogDevObjectVersion:   Dev-Niagara (F2AED0AC-9AFE-416F-8664-AA7FFA26D6FC): 1
LogDevObjectVersion:   Dev-Destruction (174F1F0B-B4C6-45A5-B13F-2EE8D0FB917D): 9
LogInit: Presizing for max 16777216 objects, including 0 objects not considered by GC, pre-allocating 0 bytes for permanent pool.
LogInit: Object subsystem initialized
LogConfig: Setting CVar [[con.DebugEarlyDefault:1]]
LogConfig: Setting CVar [[r.setres:1280x720]]
[2020.02.01-02.46.01:701][  0]LogConfig: Setting CVar [[r.VSync:0]]
[2020.02.01-02.46.01:701][  0]LogConfig: Setting CVar [[r.RHICmdBypass:0]]
[2020.02.01-02.46.01:706][  0]LogConfig: Applying CVar settings from Section [/Script/Engine.RendererSettings] File [C:/Users/Damen/Desktop/GGJ/Felicia/Saved/Config/Windows/Engine.ini]
[2020.02.01-02.46.01:706][  0]LogConfig: Setting CVar [[r.GPUCrashDebugging:0]]
[2020.02.01-02.46.01:706][  0]LogConfig: Setting CVar [[r.DefaultFeature.AutoExposure.ExtendDefaultLuminanceRange:1]]
[2020.02.01-02.46.01:706][  0]LogConfig: Applying CVar settings from Section [/Script/Engine.RendererOverrideSettings] File [C:/Users/Damen/Desktop/GGJ/Felicia/Saved/Config/Windows/Engine.ini]
[2020.02.01-02.46.01:706][  0]LogConfig: Applying CVar settings from Section [/Script/Engine.StreamingSettings] File [C:/Users/Damen/Desktop/GGJ/Felicia/Saved/Config/Windows/Engine.ini]
[2020.02.01-02.46.01:706][  0]LogConfig: Setting CVar [[s.MinBulkDataSizeForAsyncLoading:131072]]
[2020.02.01-02.46.01:706][  0]LogConfig: Setting CVar [[s.AsyncLoadingThreadEnabled:0]]
[2020.02.01-02.46.01:706][  0]LogConfig: Setting CVar [[s.EventDrivenLoaderEnabled:1]]
[2020.02.01-02.46.01:706][  0]LogConfig: Setting CVar [[s.WarnIfTimeLimitExceeded:0]]
[2020.02.01-02.46.01:706][  0]LogConfig: Setting CVar [[s.TimeLimitExceededMultiplier:1.5]]
[2020.02.01-02.46.01:706][  0]LogConfig: Setting CVar [[s.TimeLimitExceededMinTime:0.005]]
[2020.02.01-02.46.01:706][  0]LogConfig: Setting CVar [[s.UseBackgroundLevelStreaming:1]]
[2020.02.01-02.46.01:706][  0]LogConfig: Setting CVar [[s.PriorityAsyncLoadingExtraTime:15.0]]
[2020.02.01-02.46.01:706][  0]LogConfig: Setting CVar [[s.LevelStreamingActorsUpdateTimeLimit:5.0]]
[2020.02.01-02.46.01:706][  0]LogConfig: Setting CVar [[s.PriorityLevelStreamingActorsUpdateExtraTime:5.0]]
[2020.02.01-02.46.01:706][  0]LogConfig: Setting CVar [[s.LevelStreamingComponentsRegistrationGranularity:10]]
[2020.02.01-02.46.01:706][  0]LogConfig: Setting CVar [[s.UnregisterComponentsTimeLimit:1.0]]
[2020.02.01-02.46.01:706][  0]LogConfig: Setting CVar [[s.LevelStreamingComponentsUnregistrationGranularity:5]]
[2020.02.01-02.46.01:706][  0]LogConfig: Applying CVar settings from Section [/Script/Engine.GarbageCollectionSettings] File [C:/Users/Damen/Desktop/GGJ/Felicia/Saved/Config/Windows/Engine.ini]
[2020.02.01-02.46.01:706][  0]LogConfig: Setting CVar [[gc.MaxObjectsNotConsideredByGC:1]]
[2020.02.01-02.46.01:706][  0]LogConfig: Setting CVar [[gc.SizeOfPermanentObjectPool:0]]
[2020.02.01-02.46.01:706][  0]LogConfig: Setting CVar [[gc.FlushStreamingOnGC:0]]
[2020.02.01-02.46.01:706][  0]LogConfig: Setting CVar [[gc.NumRetriesBeforeForcingGC:10]]
[2020.02.01-02.46.01:706][  0]LogConfig: Setting CVar [[gc.AllowParallelGC:1]]
[2020.02.01-02.46.01:706][  0]LogConfig: Setting CVar [[gc.TimeBetweenPurgingPendingKillObjects:61.1]]
[2020.02.01-02.46.01:706][  0]LogConfig: Setting CVar [[gc.MaxObjectsInEditor:16777216]]
[2020.02.01-02.46.01:706][  0]LogConfig: Setting CVar [[gc.IncrementalBeginDestroyEnabled:1]]
[2020.02.01-02.46.01:706][  0]LogConfig: Setting CVar [[gc.CreateGCClusters:1]]
[2020.02.01-02.46.01:706][  0]LogConfig: Setting CVar [[gc.MinGCClusterSize:5]]
[2020.02.01-02.46.01:706][  0]LogConfig: Setting CVar [[gc.ActorClusteringEnabled:0]]
[2020.02.01-02.46.01:706][  0]LogConfig: Setting CVar [[gc.BlueprintClusteringEnabled:0]]
[2020.02.01-02.46.01:706][  0]LogConfig: Setting CVar [[gc.UseDisregardForGCOnDedicatedServers:0]]
[2020.02.01-02.46.01:706][  0]LogConfig: Applying CVar settings from Section [/Script/Engine.NetworkSettings] File [C:/Users/Damen/Desktop/GGJ/Felicia/Saved/Config/Windows/Engine.ini]
[2020.02.01-02.46.01:706][  0]LogConfig: Applying CVar settings from Section [/Script/UnrealEd.CookerSettings] File [C:/Users/Damen/Desktop/GGJ/Felicia/Saved/Config/Windows/Engine.ini]
[2020.02.01-02.46.01:742][  0]LogConfig: Applying CVar settings from Section [ViewDistanceQuality@3] File [C:/Users/Damen/Desktop/GGJ/Felicia/Saved/Config/Windows/Scalability.ini]
[2020.02.01-02.46.01:742][  0]LogConfig: Setting CVar [[r.SkeletalMeshLODBias:0]]
[2020.02.01-02.46.01:742][  0]LogConfig: Setting CVar [[r.ViewDistanceScale:1.0]]
[2020.02.01-02.46.01:742][  0]LogConfig: Applying CVar settings from Section [AntiAliasingQuality@3] File [C:/Users/Damen/Desktop/GGJ/Felicia/Saved/Config/Windows/Scalability.ini]
[2020.02.01-02.46.01:742][  0]LogConfig: Setting CVar [[r.PostProcessAAQuality:4]]
[2020.02.01-02.46.01:742][  0]LogConfig: Applying CVar settings from Section [ShadowQuality@3] File [C:/Users/Damen/Desktop/GGJ/Felicia/Saved/Config/Windows/Scalability.ini]
[2020.02.01-02.46.01:742][  0]LogConfig: Setting CVar [[r.LightFunctionQuality:1]]
[2020.02.01-02.46.01:742][  0]LogConfig: Setting CVar [[r.ShadowQuality:5]]
[2020.02.01-02.46.01:742][  0]LogConfig: Setting CVar [[r.Shadow.CSM.MaxCascades:10]]
[2020.02.01-02.46.01:742][  0]LogConfig: Setting CVar [[r.Shadow.MaxResolution:2048]]
[2020.02.01-02.46.01:742][  0]LogConfig: Setting CVar [[r.Shadow.MaxCSMResolution:2048]]
[2020.02.01-02.46.01:742][  0]LogConfig: Setting CVar [[r.Shadow.RadiusThreshold:0.01]]
[2020.02.01-02.46.01:742][  0]LogConfig: Setting CVar [[r.Shadow.DistanceScale:1.0]]
[2020.02.01-02.46.01:742][  0]LogConfig: Setting CVar [[r.Shadow.CSM.TransitionScale:1.0]]
[2020.02.01-02.46.01:742][  0]LogConfig: Setting CVar [[r.Shadow.PreShadowResolutionFactor:1.0]]
[2020.02.01-02.46.01:742][  0]LogConfig: Setting CVar [[r.DistanceFieldShadowing:1]]
[2020.02.01-02.46.01:742][  0]LogConfig: Setting CVar [[r.DistanceFieldAO:1]]
[2020.02.01-02.46.01:742][  0]LogConfig: Setting CVar [[r.AOQuality:2]]
[2020.02.01-02.46.01:742][  0]LogConfig: Setting CVar [[r.VolumetricFog:1]]
[2020.02.01-02.46.01:742][  0]LogConfig: Setting CVar [[r.VolumetricFog.GridPixelSize:8]]
[2020.02.01-02.46.01:742][  0]LogConfig: Setting CVar [[r.VolumetricFog.GridSizeZ:128]]
[2020.02.01-02.46.01:742][  0]LogConfig: Setting CVar [[r.VolumetricFog.HistoryMissSupersampleCount:4]]
[2020.02.01-02.46.01:742][  0]LogConfig: Setting CVar [[r.LightMaxDrawDistanceScale:1]]
[2020.02.01-02.46.01:742][  0]LogConfig: Setting CVar [[r.CapsuleShadows:1]]
[2020.02.01-02.46.01:742][  0]LogConfig: Applying CVar settings from Section [PostProcessQuality@3] File [C:/Users/Damen/Desktop/GGJ/Felicia/Saved/Config/Windows/Scalability.ini]
[2020.02.01-02.46.01:742][  0]LogConfig: Setting CVar [[r.MotionBlurQuality:4]]
[2020.02.01-02.46.01:742][  0]LogConfig: Setting CVar [[r.AmbientOcclusionMipLevelFactor:0.4]]
[2020.02.01-02.46.01:742][  0]LogConfig: Setting CVar [[r.AmbientOcclusionMaxQuality:100]]
[2020.02.01-02.46.01:743][  0]LogConfig: Setting CVar [[r.AmbientOcclusionLevels:-1]]
[2020.02.01-02.46.01:743][  0]LogConfig: Setting CVar [[r.AmbientOcclusionRadiusScale:1.0]]
[2020.02.01-02.46.01:743][  0]LogConfig: Setting CVar [[r.DepthOfFieldQuality:2]]
[2020.02.01-02.46.01:743][  0]LogConfig: Setting CVar [[r.RenderTargetPoolMin:400]]
[2020.02.01-02.46.01:743][  0]LogConfig: Setting CVar [[r.LensFlareQuality:2]]
[2020.02.01-02.46.01:743][  0]LogConfig: Setting CVar [[r.SceneColorFringeQuality:1]]
[2020.02.01-02.46.01:743][  0]LogConfig: Setting CVar [[r.EyeAdaptationQuality:2]]
[2020.02.01-02.46.01:743][  0]LogConfig: Setting CVar [[r.BloomQuality:5]]
[2020.02.01-02.46.01:743][  0]LogConfig: Setting CVar [[r.FastBlurThreshold:100]]
[2020.02.01-02.46.01:743][  0]LogConfig: Setting CVar [[r.Upscale.Quality:3]]
[2020.02.01-02.46.01:743][  0]LogConfig: Setting CVar [[r.Tonemapper.GrainQuantization:1]]
[2020.02.01-02.46.01:743][  0]LogConfig: Setting CVar [[r.LightShaftQuality:1]]
[2020.02.01-02.46.01:743][  0]LogConfig: Setting CVar [[r.Filter.SizeScale:1]]
[2020.02.01-02.46.01:743][  0]LogConfig: Setting CVar [[r.Tonemapper.Quality:5]]
[2020.02.01-02.46.01:743][  0]LogConfig: Setting CVar [[r.DOF.Gather.AccumulatorQuality:1        ; higher gathering accumulator quality]]
[2020.02.01-02.46.01:743][  0]LogConfig: Setting CVar [[r.DOF.Gather.PostfilterMethod:1          ; Median3x3 postfilering method]]
[2020.02.01-02.46.01:743][  0]LogConfig: Setting CVar [[r.DOF.Gather.EnableBokehSettings:0       ; no bokeh simulation when gathering]]
[2020.02.01-02.46.01:743][  0]LogConfig: Setting CVar [[r.DOF.Gather.RingCount:4                 ; medium number of samples when gathering]]
[2020.02.01-02.46.01:743][  0]LogConfig: Setting CVar [[r.DOF.Scatter.ForegroundCompositing:1    ; additive foreground scattering]]
[2020.02.01-02.46.01:743][  0]LogConfig: Setting CVar [[r.DOF.Scatter.BackgroundCompositing:2    ; additive background scattering]]
[2020.02.01-02.46.01:743][  0]LogConfig: Setting CVar [[r.DOF.Scatter.EnableBokehSettings:1      ; bokeh simulation when scattering]]
[2020.02.01-02.46.01:743][  0]LogConfig: Setting CVar [[r.DOF.Scatter.MaxSpriteRatio:0.1         ; only a maximum of 10% of scattered bokeh]]
[2020.02.01-02.46.01:743][  0]LogConfig: Setting CVar [[r.DOF.Recombine.Quality:1                ; cheap slight out of focus]]
[2020.02.01-02.46.01:743][  0]LogConfig: Setting CVar [[r.DOF.Recombine.EnableBokehSettings:0    ; no bokeh simulation on slight out of focus]]
[2020.02.01-02.46.01:743][  0]LogConfig: Setting CVar [[r.DOF.TemporalAAQuality:1                ; more stable temporal accumulation]]
[2020.02.01-02.46.01:743][  0]LogConfig: Setting CVar [[r.DOF.Kernel.MaxForegroundRadius:0.025]]
[2020.02.01-02.46.01:743][  0]LogConfig: Setting CVar [[r.DOF.Kernel.MaxBackgroundRadius:0.025]]
[2020.02.01-02.46.01:743][  0]LogConfig: Applying CVar settings from Section [TextureQuality@3] File [C:/Users/Damen/Desktop/GGJ/Felicia/Saved/Config/Windows/Scalability.ini]
[2020.02.01-02.46.01:743][  0]LogConfig: Setting CVar [[r.Streaming.MipBias:0]]
[2020.02.01-02.46.01:743][  0]LogConfig: Setting CVar [[r.Streaming.AmortizeCPUToGPUCopy:0]]
[2020.02.01-02.46.01:743][  0]LogConfig: Setting CVar [[r.Streaming.MaxNumTexturesToStreamPerFrame:0]]
[2020.02.01-02.46.01:743][  0]LogConfig: Setting CVar [[r.Streaming.Boost:1]]
[2020.02.01-02.46.01:743][  0]LogConfig: Setting CVar [[r.MaxAnisotropy:8]]
[2020.02.01-02.46.01:743][  0]LogConfig: Setting CVar [[r.Streaming.LimitPoolSizeToVRAM:0]]
[2020.02.01-02.46.01:743][  0]LogConfig: Setting CVar [[r.Streaming.PoolSize:1000]]
[2020.02.01-02.46.01:743][  0]LogConfig: Setting CVar [[r.Streaming.MaxEffectiveScreenSize:0]]
[2020.02.01-02.46.01:743][  0]LogConfig: Applying CVar settings from Section [EffectsQuality@3] File [C:/Users/Damen/Desktop/GGJ/Felicia/Saved/Config/Windows/Scalability.ini]
[2020.02.01-02.46.01:743][  0]LogConfig: Setting CVar [[r.TranslucencyLightingVolumeDim:64]]
[2020.02.01-02.46.01:743][  0]LogConfig: Setting CVar [[r.RefractionQuality:2]]
[2020.02.01-02.46.01:743][  0]LogConfig: Setting CVar [[r.SSR.Quality:3]]
[2020.02.01-02.46.01:743][  0]LogConfig: Setting CVar [[r.SceneColorFormat:4]]
[2020.02.01-02.46.01:743][  0]LogConfig: Setting CVar [[r.DetailMode:2]]
[2020.02.01-02.46.01:743][  0]LogConfig: Setting CVar [[r.TranslucencyVolumeBlur:1]]
[2020.02.01-02.46.01:743][  0]LogConfig: Setting CVar [[r.MaterialQualityLevel:1 ; High quality]]
[2020.02.01-02.46.01:743][  0]LogConfig: Setting CVar [[r.SSS.Scale:1]]
[2020.02.01-02.46.01:743][  0]LogConfig: Setting CVar [[r.SSS.SampleSet:2]]
[2020.02.01-02.46.01:743][  0]LogConfig: Setting CVar [[r.SSS.Quality:1]]
[2020.02.01-02.46.01:743][  0]LogConfig: Setting CVar [[r.SSS.HalfRes:1]]
[2020.02.01-02.46.01:743][  0]LogConfig: Setting CVar [[r.EmitterSpawnRateScale:1.0]]
[2020.02.01-02.46.01:743][  0]LogConfig: Setting CVar [[r.ParticleLightQuality:2]]
[2020.02.01-02.46.01:743][  0]LogConfig: Applying CVar settings from Section [FoliageQuality@3] File [C:/Users/Damen/Desktop/GGJ/Felicia/Saved/Config/Windows/Scalability.ini]
[2020.02.01-02.46.01:743][  0]LogConfig: Setting CVar [[foliage.DensityScale:1.0]]
[2020.02.01-02.46.01:743][  0]LogConfig: Setting CVar [[grass.DensityScale:1.0]]
[2020.02.01-02.46.01:748][  0]LogInit: Selected Device Profile: [Windows]
[2020.02.01-02.46.01:754][  0]LogInit: Applying CVar settings loaded from the selected device profile: [Windows]
[2020.02.01-02.46.01:765][  0]LogHAL: Display: Platform has ~ 16 GB [17137623040 / 17179869184 / 16], which maps to Larger [LargestMinGB=32, LargerMinGB=12, DefaultMinGB=8, SmallerMinGB=6, SmallestMinGB=0)
[2020.02.01-02.46.01:765][  0]LogInit: Going up to parent DeviceProfile []
[2020.02.01-02.46.01:766][  0]LogConfig: Applying CVar settings from Section [ViewDistanceQuality@3] File [C:/Users/Damen/Desktop/GGJ/Felicia/Saved/Config/Windows/Scalability.ini]
[2020.02.01-02.46.01:766][  0]LogConfig: Setting CVar [[r.SkeletalMeshLODBias:0]]
[2020.02.01-02.46.01:766][  0]LogConfig: Setting CVar [[r.ViewDistanceScale:1.0]]
[2020.02.01-02.46.01:766][  0]LogConfig: Applying CVar settings from Section [AntiAliasingQuality@3] File [C:/Users/Damen/Desktop/GGJ/Felicia/Saved/Config/Windows/Scalability.ini]
[2020.02.01-02.46.01:766][  0]LogConfig: Setting CVar [[r.PostProcessAAQuality:4]]
[2020.02.01-02.46.01:766][  0]LogConfig: Applying CVar settings from Section [ShadowQuality@3] File [C:/Users/Damen/Desktop/GGJ/Felicia/Saved/Config/Windows/Scalability.ini]
[2020.02.01-02.46.01:766][  0]LogConfig: Setting CVar [[r.LightFunctionQuality:1]]
[2020.02.01-02.46.01:766][  0]LogConfig: Setting CVar [[r.ShadowQuality:5]]
[2020.02.01-02.46.01:766][  0]LogConfig: Setting CVar [[r.Shadow.CSM.MaxCascades:10]]
[2020.02.01-02.46.01:766][  0]LogConfig: Setting CVar [[r.Shadow.MaxResolution:2048]]
[2020.02.01-02.46.01:766][  0]LogConfig: Setting CVar [[r.Shadow.MaxCSMResolution:2048]]
[2020.02.01-02.46.01:766][  0]LogConfig: Setting CVar [[r.Shadow.RadiusThreshold:0.01]]
[2020.02.01-02.46.01:766][  0]LogConfig: Setting CVar [[r.Shadow.DistanceScale:1.0]]
[2020.02.01-02.46.01:766][  0]LogConfig: Setting CVar [[r.Shadow.CSM.TransitionScale:1.0]]
[2020.02.01-02.46.01:766][  0]LogConfig: Setting CVar [[r.Shadow.PreShadowResolutionFactor:1.0]]
[2020.02.01-02.46.01:766][  0]LogConfig: Setting CVar [[r.DistanceFieldShadowing:1]]
[2020.02.01-02.46.01:766][  0]LogConfig: Setting CVar [[r.DistanceFieldAO:1]]
[2020.02.01-02.46.01:766][  0]LogConfig: Setting CVar [[r.AOQuality:2]]
[2020.02.01-02.46.01:766][  0]LogConfig: Setting CVar [[r.VolumetricFog:1]]
[2020.02.01-02.46.01:766][  0]LogConfig: Setting CVar [[r.VolumetricFog.GridPixelSize:8]]
[2020.02.01-02.46.01:766][  0]LogConfig: Setting CVar [[r.VolumetricFog.GridSizeZ:128]]
[2020.02.01-02.46.01:766][  0]LogConfig: Setting CVar [[r.VolumetricFog.HistoryMissSupersampleCount:4]]
[2020.02.01-02.46.01:766][  0]LogConfig: Setting CVar [[r.LightMaxDrawDistanceScale:1]]
[2020.02.01-02.46.01:766][  0]LogConfig: Setting CVar [[r.CapsuleShadows:1]]
[2020.02.01-02.46.01:766][  0]LogConfig: Applying CVar settings from Section [PostProcessQuality@3] File [C:/Users/Damen/Desktop/GGJ/Felicia/Saved/Config/Windows/Scalability.ini]
[2020.02.01-02.46.01:766][  0]LogConfig: Setting CVar [[r.MotionBlurQuality:4]]
[2020.02.01-02.46.01:766][  0]LogConfig: Setting CVar [[r.AmbientOcclusionMipLevelFactor:0.4]]
[2020.02.01-02.46.01:766][  0]LogConfig: Setting CVar [[r.AmbientOcclusionMaxQuality:100]]
[2020.02.01-02.46.01:766][  0]LogConfig: Setting CVar [[r.AmbientOcclusionLevels:-1]]
[2020.02.01-02.46.01:766][  0]LogConfig: Setting CVar [[r.AmbientOcclusionRadiusScale:1.0]]
[2020.02.01-02.46.01:766][  0]LogConfig: Setting CVar [[r.DepthOfFieldQuality:2]]
[2020.02.01-02.46.01:766][  0]LogConfig: Setting CVar [[r.RenderTargetPoolMin:400]]
[2020.02.01-02.46.01:766][  0]LogConfig: Setting CVar [[r.LensFlareQuality:2]]
[2020.02.01-02.46.01:766][  0]LogConfig: Setting CVar [[r.SceneColorFringeQuality:1]]
[2020.02.01-02.46.01:766][  0]LogConfig: Setting CVar [[r.EyeAdaptationQuality:2]]
[2020.02.01-02.46.01:766][  0]LogConfig: Setting CVar [[r.BloomQuality:5]]
[2020.02.01-02.46.01:766][  0]LogConfig: Setting CVar [[r.FastBlurThreshold:100]]
[2020.02.01-02.46.01:766][  0]LogConfig: Setting CVar [[r.Upscale.Quality:3]]
[2020.02.01-02.46.01:766][  0]LogConfig: Setting CVar [[r.Tonemapper.GrainQuantization:1]]
[2020.02.01-02.46.01:766][  0]LogConfig: Setting CVar [[r.LightShaftQuality:1]]
[2020.02.01-02.46.01:766][  0]LogConfig: Setting CVar [[r.Filter.SizeScale:1]]
[2020.02.01-02.46.01:766][  0]LogConfig: Setting CVar [[r.Tonemapper.Quality:5]]
[2020.02.01-02.46.01:766][  0]LogConfig: Setting CVar [[r.DOF.Gather.AccumulatorQuality:1        ; higher gathering accumulator quality]]
[2020.02.01-02.46.01:766][  0]LogConfig: Setting CVar [[r.DOF.Gather.PostfilterMethod:1          ; Median3x3 postfilering method]]
[2020.02.01-02.46.01:766][  0]LogConfig: Setting CVar [[r.DOF.Gather.EnableBokehSettings:0       ; no bokeh simulation when gathering]]
[2020.02.01-02.46.01:766][  0]LogConfig: Setting CVar [[r.DOF.Gather.RingCount:4                 ; medium number of samples when gathering]]
[2020.02.01-02.46.01:766][  0]LogConfig: Setting CVar [[r.DOF.Scatter.ForegroundCompositing:1    ; additive foreground scattering]]
[2020.02.01-02.46.01:766][  0]LogConfig: Setting CVar [[r.DOF.Scatter.BackgroundCompositing:2    ; additive background scattering]]
[2020.02.01-02.46.01:766][  0]LogConfig: Setting CVar [[r.DOF.Scatter.EnableBokehSettings:1      ; bokeh simulation when scattering]]
[2020.02.01-02.46.01:766][  0]LogConfig: Setting CVar [[r.DOF.Scatter.MaxSpriteRatio:0.1         ; only a maximum of 10% of scattered bokeh]]
[2020.02.01-02.46.01:766][  0]LogConfig: Setting CVar [[r.DOF.Recombine.Quality:1                ; cheap slight out of focus]]
[2020.02.01-02.46.01:766][  0]LogConfig: Setting CVar [[r.DOF.Recombine.EnableBokehSettings:0    ; no bokeh simulation on slight out of focus]]
[2020.02.01-02.46.01:766][  0]LogConfig: Setting CVar [[r.DOF.TemporalAAQuality:1                ; more stable temporal accumulation]]
[2020.02.01-02.46.01:766][  0]LogConfig: Setting CVar [[r.DOF.Kernel.MaxForegroundRadius:0.025]]
[2020.02.01-02.46.01:766][  0]LogConfig: Setting CVar [[r.DOF.Kernel.MaxBackgroundRadius:0.025]]
[2020.02.01-02.46.01:766][  0]LogConfig: Applying CVar settings from Section [TextureQuality@3] File [C:/Users/Damen/Desktop/GGJ/Felicia/Saved/Config/Windows/Scalability.ini]
[2020.02.01-02.46.01:766][  0]LogConfig: Setting CVar [[r.Streaming.MipBias:0]]
[2020.02.01-02.46.01:766][  0]LogConfig: Setting CVar [[r.Streaming.AmortizeCPUToGPUCopy:0]]
[2020.02.01-02.46.01:766][  0]LogConfig: Setting CVar [[r.Streaming.MaxNumTexturesToStreamPerFrame:0]]
[2020.02.01-02.46.01:766][  0]LogConfig: Setting CVar [[r.Streaming.Boost:1]]
[2020.02.01-02.46.01:766][  0]LogConfig: Setting CVar [[r.MaxAnisotropy:8]]
[2020.02.01-02.46.01:766][  0]LogConfig: Setting CVar [[r.Streaming.LimitPoolSizeToVRAM:0]]
[2020.02.01-02.46.01:766][  0]LogConfig: Setting CVar [[r.Streaming.PoolSize:1000]]
[2020.02.01-02.46.01:766][  0]LogConfig: Setting CVar [[r.Streaming.MaxEffectiveScreenSize:0]]
[2020.02.01-02.46.01:766][  0]LogConfig: Applying CVar settings from Section [EffectsQuality@3] File [C:/Users/Damen/Desktop/GGJ/Felicia/Saved/Config/Windows/Scalability.ini]
[2020.02.01-02.46.01:766][  0]LogConfig: Setting CVar [[r.TranslucencyLightingVolumeDim:64]]
[2020.02.01-02.46.01:766][  0]LogConfig: Setting CVar [[r.RefractionQuality:2]]
[2020.02.01-02.46.01:766][  0]LogConfig: Setting CVar [[r.SSR.Quality:3]]
[2020.02.01-02.46.01:767][  0]LogConfig: Setting CVar [[r.SceneColorFormat:4]]
[2020.02.01-02.46.01:767][  0]LogConfig: Setting CVar [[r.DetailMode:2]]
[2020.02.01-02.46.01:767][  0]LogConfig: Setting CVar [[r.TranslucencyVolumeBlur:1]]
[2020.02.01-02.46.01:767][  0]LogConfig: Setting CVar [[r.MaterialQualityLevel:1 ; High quality]]
[2020.02.01-02.46.01:767][  0]LogConfig: Setting CVar [[r.SSS.Scale:1]]
[2020.02.01-02.46.01:767][  0]LogConfig: Setting CVar [[r.SSS.SampleSet:2]]
[2020.02.01-02.46.01:767][  0]LogConfig: Setting CVar [[r.SSS.Quality:1]]
[2020.02.01-02.46.01:767][  0]LogConfig: Setting CVar [[r.SSS.HalfRes:1]]
[2020.02.01-02.46.01:767][  0]LogConfig: Setting CVar [[r.EmitterSpawnRateScale:1.0]]
[2020.02.01-02.46.01:767][  0]LogConfig: Setting CVar [[r.ParticleLightQuality:2]]
[2020.02.01-02.46.01:767][  0]LogConfig: Applying CVar settings from Section [FoliageQuality@3] File [C:/Users/Damen/Desktop/GGJ/Felicia/Saved/Config/Windows/Scalability.ini]
[2020.02.01-02.46.01:767][  0]LogConfig: Setting CVar [[foliage.DensityScale:1.0]]
[2020.02.01-02.46.01:767][  0]LogConfig: Setting CVar [[grass.DensityScale:1.0]]
[2020.02.01-02.46.01:767][  0]LogConfig: Applying CVar settings from Section [Startup] File [../../../Engine/Config/ConsoleVariables.ini]
[2020.02.01-02.46.01:771][  0]LogConfig: Setting CVar [[net.UseAdaptiveNetUpdateFrequency:0]]
[2020.02.01-02.46.01:771][  0]LogConfig: Setting CVar [[p.chaos.AllowCreatePhysxBodies:1]]
[2020.02.01-02.46.01:771][  0]LogConfig: Applying CVar settings from Section [ConsoleVariables] File [C:/Users/Damen/Desktop/GGJ/Felicia/Saved/Config/Windows/Engine.ini]
[2020.02.01-02.46.01:789][  0]LogInit: Computer: DESKTOP-R3F6V63
[2020.02.01-02.46.01:789][  0]LogInit: User: Damen
[2020.02.01-02.46.01:789][  0]LogInit: CPU Page size=4096, Cores=4
[2020.02.01-02.46.01:789][  0]LogInit: High frequency timer resolution =10.000000 MHz
[2020.02.01-02.46.01:789][  0]LogMemory: Memory total: Physical=16.0GB (16GB approx)
[2020.02.01-02.46.01:789][  0]LogMemory: Platform Memory Stats for Windows
[2020.02.01-02.46.01:789][  0]LogMemory: Process Physical Memory: 101.17 MB used, 101.18 MB peak
[2020.02.01-02.46.01:789][  0]LogMemory: Process Virtual Memory: 100.63 MB used, 100.63 MB peak
[2020.02.01-02.46.01:789][  0]LogMemory: Physical Memory: 4974.41 MB used,  11369.30 MB free, 16343.71 MB total
[2020.02.01-02.46.01:789][  0]LogMemory: Virtual Memory: 4654.14 MB used,  134213072.00 MB free, 134217728.00 MB total
[2020.02.01-02.46.01:797][  0]LogWindows: WindowsPlatformFeatures enabled
[2020.02.01-02.46.02:273][  0]LogInit: Using OS detected language (en-US).
[2020.02.01-02.46.02:273][  0]LogInit: Using OS detected locale (en-US).
[2020.02.01-02.46.02:350][  0]LogTextLocalizationManager: No specific localization for 'en-US' exists, so the 'en' localization will be used.
[2020.02.01-02.46.02:892][  0]LogInit: Setting process to per monitor DPI aware
[2020.02.01-02.46.03:307][  0]LogSlate: New Slate User Created.  User Index 0, Is Virtual User: 0
[2020.02.01-02.46.03:307][  0]LogSlate: Slate User Registered.  User Index 0, Is Virtual User: 0
[2020.02.01-02.46.03:945][  0]LogHMD: Failed to initialize OpenVR with code 126
[2020.02.01-02.46.03:945][  0]LogD3D11RHI: D3D11 adapters:
[2020.02.01-02.46.04:036][  0]LogD3D11RHI:    0. 'NVIDIA GeForce GTX 1080' (Feature Level 11_0)
[2020.02.01-02.46.04:036][  0]LogD3D11RHI:       8079/0/8171 MB DedicatedVideo/DedicatedSystem/SharedSystem, Outputs:2, VendorId:0x10de
[2020.02.01-02.46.04:038][  0]LogD3D11RHI:    1. 'Microsoft Basic Render Driver' (Feature Level 11_0)
[2020.02.01-02.46.04:038][  0]LogD3D11RHI:       0/0/8171 MB DedicatedVideo/DedicatedSystem/SharedSystem, Outputs:0, VendorId:0x1414
[2020.02.01-02.46.04:038][  0]LogD3D11RHI: Chosen D3D11 Adapter: 0
[2020.02.01-02.46.04:057][  0]LogD3D11RHI: Creating new Direct3DDevice
[2020.02.01-02.46.04:057][  0]LogD3D11RHI:     GPU DeviceId: 0x1b80 (for the marketing name, search the web for "GPU Device Id")
[2020.02.01-02.46.04:057][  0]LogWindows: EnumDisplayDevices:
[2020.02.01-02.46.04:057][  0]LogWindows:    0. 'NVIDIA GeForce GTX 1080' (P:1 D:1)
[2020.02.01-02.46.04:058][  0]LogWindows:    1. 'NVIDIA GeForce GTX 1080' (P:0 D:1)
[2020.02.01-02.46.04:058][  0]LogWindows:    2. 'NVIDIA GeForce GTX 1080' (P:0 D:0)
[2020.02.01-02.46.04:058][  0]LogWindows:    3. 'NVIDIA GeForce GTX 1080' (P:0 D:0)
[2020.02.01-02.46.04:058][  0]LogWindows: DebugString: FoundDriverCount:4 
[2020.02.01-02.46.04:058][  0]LogD3D11RHI:     Adapter Name: NVIDIA GeForce GTX 1080
[2020.02.01-02.46.04:059][  0]LogD3D11RHI:   Driver Version: 436.48 (internal:26.21.14.3648, unified:436.48)
[2020.02.01-02.46.04:059][  0]LogD3D11RHI:      Driver Date: 9-26-2019
[2020.02.01-02.46.04:070][  0]LogRHI: Texture pool is 5655 MB (70% of 8079 MB)
[2020.02.01-02.46.04:111][  0]LogD3D11RHI: Async texture creation enabled
[2020.02.01-02.46.04:242][  0]LogD3D11RHI: GPU Timing Frequency: 1000.000000 (Debug: 2 1)
[2020.02.01-02.46.05:665][  0]LogTemp: Display: Module 'AllDesktopTargetPlatform' loaded TargetPlatform 'AllDesktop'
[2020.02.01-02.46.05:703][  0]LogTemp: Display: Module 'MacClientTargetPlatform' loaded TargetPlatform 'MacClient'
[2020.02.01-02.46.05:729][  0]LogTemp: Display: Module 'MacNoEditorTargetPlatform' loaded TargetPlatform 'MacNoEditor'
[2020.02.01-02.46.05:745][  0]LogTemp: Display: Module 'MacServerTargetPlatform' loaded TargetPlatform 'MacServer'
[2020.02.01-02.46.05:766][  0]LogTemp: Display: Module 'MacTargetPlatform' loaded TargetPlatform 'Mac'
[2020.02.01-02.46.05:793][  0]LogTemp: Display: Module 'WindowsClientTargetPlatform' loaded TargetPlatform 'WindowsClient'
[2020.02.01-02.46.05:816][  0]LogTemp: Display: Module 'WindowsNoEditorTargetPlatform' loaded TargetPlatform 'WindowsNoEditor'
[2020.02.01-02.46.05:827][  0]LogTemp: Display: Module 'WindowsServerTargetPlatform' loaded TargetPlatform 'WindowsServer'
[2020.02.01-02.46.05:836][  0]LogTemp: Display: Module 'WindowsTargetPlatform' loaded TargetPlatform 'Windows'
[2020.02.01-02.46.05:907][  0]LogTemp: Display: Module 'AndroidTargetPlatform' loaded TargetPlatform 'Android'
[2020.02.01-02.46.05:908][  0]LogTemp: Display: Module 'AndroidTargetPlatform' loaded TargetPlatform 'Android_ASTC'
[2020.02.01-02.46.05:908][  0]LogTemp: Display: Module 'AndroidTargetPlatform' loaded TargetPlatform 'Android_ATC'
[2020.02.01-02.46.05:908][  0]LogTemp: Display: Module 'AndroidTargetPlatform' loaded TargetPlatform 'Android_DXT'
[2020.02.01-02.46.05:908][  0]LogTemp: Display: Module 'AndroidTargetPlatform' loaded TargetPlatform 'Android_ETC1'
[2020.02.01-02.46.05:908][  0]LogTemp: Display: Module 'AndroidTargetPlatform' loaded TargetPlatform 'Android_ETC1a'
[2020.02.01-02.46.05:908][  0]LogTemp: Display: Module 'AndroidTargetPlatform' loaded TargetPlatform 'Android_ETC2'
[2020.02.01-02.46.05:908][  0]LogTemp: Display: Module 'AndroidTargetPlatform' loaded TargetPlatform 'Android_PVRTC'
[2020.02.01-02.46.05:908][  0]LogTemp: Display: Module 'AndroidTargetPlatform' loaded TargetPlatform 'AndroidClient'
[2020.02.01-02.46.05:908][  0]LogTemp: Display: Module 'AndroidTargetPlatform' loaded TargetPlatform 'Android_ASTCClient'
[2020.02.01-02.46.05:908][  0]LogTemp: Display: Module 'AndroidTargetPlatform' loaded TargetPlatform 'Android_ATCClient'
[2020.02.01-02.46.05:908][  0]LogTemp: Display: Module 'AndroidTargetPlatform' loaded TargetPlatform 'Android_DXTClient'
[2020.02.01-02.46.05:908][  0]LogTemp: Display: Module 'AndroidTargetPlatform' loaded TargetPlatform 'Android_ETC1Client'
[2020.02.01-02.46.05:908][  0]LogTemp: Display: Module 'AndroidTargetPlatform' loaded TargetPlatform 'Android_ETC1aClient'
[2020.02.01-02.46.05:908][  0]LogTemp: Display: Module 'AndroidTargetPlatform' loaded TargetPlatform 'Android_ETC2Client'
[2020.02.01-02.46.05:908][  0]LogTemp: Display: Module 'AndroidTargetPlatform' loaded TargetPlatform 'Android_PVRTCClient'
[2020.02.01-02.46.05:908][  0]LogTemp: Display: Module 'AndroidTargetPlatform' loaded TargetPlatform 'Android_Multi'
[2020.02.01-02.46.05:908][  0]LogTemp: Display: Module 'AndroidTargetPlatform' loaded TargetPlatform 'Android_MultiClient'
[2020.02.01-02.46.05:929][  0]LogTemp: Display: Module 'HTML5TargetPlatform' loaded TargetPlatform 'HTML5'
[2020.02.01-02.46.06:003][  0]LogTemp: Display: Module 'IOSTargetPlatform' loaded TargetPlatform 'IOSClient'
[2020.02.01-02.46.06:003][  0]LogTemp: Display: Module 'IOSTargetPlatform' loaded TargetPlatform 'IOS'
[2020.02.01-02.46.06:021][  0]LogTemp: Display: Module 'TVOSTargetPlatform' loaded TargetPlatform 'TVOSClient'
[2020.02.01-02.46.06:021][  0]LogTemp: Display: Module 'TVOSTargetPlatform' loaded TargetPlatform 'TVOS'
[2020.02.01-02.46.06:035][  0]LogTemp: Display: Module 'LinuxClientTargetPlatform' loaded TargetPlatform 'LinuxClient'
[2020.02.01-02.46.06:048][  0]LogTemp: Display: Module 'LinuxNoEditorTargetPlatform' loaded TargetPlatform 'LinuxNoEditor'
[2020.02.01-02.46.06:063][  0]LogTemp: Display: Module 'LinuxServerTargetPlatform' loaded TargetPlatform 'LinuxServer'
[2020.02.01-02.46.06:081][  0]LogTemp: Display: Module 'LinuxTargetPlatform' loaded TargetPlatform 'Linux'
[2020.02.01-02.46.06:128][  0]LogTemp: Display: Module 'LuminTargetPlatform' loaded TargetPlatform 'Lumin'
[2020.02.01-02.46.06:128][  0]LogTemp: Display: Module 'LuminTargetPlatform' loaded TargetPlatform 'LuminClient'
[2020.02.01-02.46.06:128][  0]LogTargetPlatformManager: Display: Building Assets For Windows
[2020.02.01-02.46.06:258][  0]LogAudioDebug: Display: Lib vorbis DLL was dynamically loaded.
[2020.02.01-02.46.06:792][  0]LogShaderCompilers: Guid format shader working directory is 11 characters bigger than the processId version (C:/Users/Damen/Desktop/GGJ/Felicia/Intermediate/Shaders/WorkingDirectory/16884/).
[2020.02.01-02.46.06:792][  0]LogShaderCompilers: Cleaned the shader compiler working directory 'C:/Users/Damen/AppData/Local/Temp/UnrealShaderWorkingDir/E8C229314704D70CDD95889B3360B483/'.
[2020.02.01-02.46.06:800][  0]LogXGEController: Cleaning working directory: C:/Users/Damen/AppData/Local/Temp/UnrealXGEWorkingDir/
[2020.02.01-02.46.06:800][  0]LogXGEController: Cannot use XGE Controller as Incredibuild is not installed on this machine.
[2020.02.01-02.46.06:806][  0]LogShaderCompilers: Cannot use XGE Shader Compiler as Incredibuild is not installed on this machine.
[2020.02.01-02.46.06:806][  0]LogShaderCompilers: Display: Using Local Shader Compiler.
[2020.02.01-02.46.08:283][  0]LogDerivedDataCache: Display: Max Cache Size: 512 MB
[2020.02.01-02.46.08:560][  0]LogDerivedDataCache: Loaded boot cache 0.27s 73MB C:/Users/Damen/AppData/Local/UnrealEngine/4.23/DerivedDataCache/Boot.ddc.
[2020.02.01-02.46.08:560][  0]LogDerivedDataCache: Display: Loaded Boot cache: C:/Users/Damen/AppData/Local/UnrealEngine/4.23/DerivedDataCache/Boot.ddc
[2020.02.01-02.46.08:560][  0]LogDerivedDataCache: FDerivedDataBackendGraph:  Pak pak cache file C:/Users/Damen/Desktop/GGJ/Felicia/DerivedDataCache/DDC.ddp not found, will not use a pak cache.
[2020.02.01-02.46.08:560][  0]LogDerivedDataCache: Unable to find inner node Pak for hierarchical cache Hierarchy.
[2020.02.01-02.46.08:560][  0]LogDerivedDataCache: FDerivedDataBackendGraph:  CompressedPak pak cache file C:/Users/Damen/Desktop/GGJ/Felicia/DerivedDataCache/Compressed.ddp not found, will not use a pak cache.
[2020.02.01-02.46.08:560][  0]LogDerivedDataCache: Unable to find inner node CompressedPak for hierarchical cache Hierarchy.
[2020.02.01-02.46.08:609][  0]LogDerivedDataCache: Display: Pak cache opened for reading ../../../Engine/DerivedDataCache/Compressed.ddp.
[2020.02.01-02.46.08:609][  0]LogDerivedDataCache: FDerivedDataBackendGraph:  EnterprisePak pak cache file ../../../Enterprise/DerivedDataCache/Compressed.ddp not found, will not use a pak cache.
[2020.02.01-02.46.08:609][  0]LogDerivedDataCache: Unable to find inner node EnterprisePak for hierarchical cache Hierarchy.
[2020.02.01-02.46.08:611][  0]LogDerivedDataCache: Using Local data cache path C:/Users/Damen/AppData/Local/UnrealEngine/Common/DerivedDataCache: Writable
[2020.02.01-02.46.08:611][  0]LogDerivedDataCache: Shared data cache path not found in *engine.ini, will not use an Shared cache.
[2020.02.01-02.46.08:611][  0]LogDerivedDataCache: Unable to find inner node Shared for hierarchical cache Hierarchy.
[2020.02.01-02.46.08:643][  0]LogMaterial: Verifying Global Shaders for PCD3D_SM5
[2020.02.01-02.46.08:699][  0]LogSlate: Using FreeType 2.6.0
[2020.02.01-02.46.08:775][  0]LogSlate: SlateFontServices - WITH_FREETYPE: 1, WITH_HARFBUZZ: 1
[2020.02.01-02.46.09:190][  0]LogAssetRegistry: FAssetRegistry took 0.0090 seconds to start up
[2020.02.01-02.46.11:749][  0]LogInit: Selected Device Profile: [Windows]
[2020.02.01-02.46.12:890][  0]LogMeshReduction: Using QuadricMeshReduction for automatic static mesh reduction
[2020.02.01-02.46.12:890][  0]LogMeshReduction: Using SimplygonMeshReduction for automatic skeletal mesh reduction
[2020.02.01-02.46.12:890][  0]LogMeshReduction: Using ProxyLODMeshReduction for automatic mesh merging
[2020.02.01-02.46.12:890][  0]LogMeshReduction: No distributed automatic mesh merging module available
[2020.02.01-02.46.12:890][  0]LogMeshMerging: No distributed automatic mesh merging module available
[2020.02.01-02.46.13:022][  0]LogNetVersion: Felicia 1.0.0, NetCL: 8386587, EngineNetVer: 11, GameNetVer: 0 (Checksum: 3648348405)
[2020.02.01-02.46.15:309][  0]LogPackageLocalizationCache: Processed 12 localized package path(s) for 1 prioritized culture(s) in 0.056350 seconds
[2020.02.01-02.46.15:316][  0]LogUObjectArray: 43444 objects as part of root set at end of initial load.
[2020.02.01-02.46.15:316][  0]LogUObjectAllocator: 7548648 out of 0 bytes used by permanent object pool.
[2020.02.01-02.46.15:316][  0]LogUObjectArray: CloseDisregardForGC: 0/0 objects in disregard for GC pool
[2020.02.01-02.46.21:865][  0]LogTcpMessaging: Initializing TcpMessaging bridge
[2020.02.01-02.46.21:891][  0]LogUdpMessaging: Initializing bridge on interface 0.0.0.0:0 to multicast group 230.0.0.1:6666.
[2020.02.01-02.46.22:359][  0]SourceControl: Source control is disabled
[2020.02.01-02.46.22:366][  0]SourceControl: Source control is disabled
[2020.02.01-02.46.22:444][  0]SourceControl: Source control is disabled
[2020.02.01-02.46.22:456][  0]SourceControl: Source control is disabled
[2020.02.01-02.46.23:548][  0]LogAndroidPermission: UAndroidPermissionCallbackProxy::GetInstance
[2020.02.01-02.46.24:111][  0]LogOcInput: OculusInput pre-init called
[2020.02.01-02.46.24:153][  0]LogWindows: Failed to load 'OVRPlugin.dll' (GetLastError=126)
[2020.02.01-02.46.24:153][  0]LogWindows: File 'OVRPlugin.dll' does not exist
[2020.02.01-02.46.25:011][  0]LogEngine: Initializing Engine...
[2020.02.01-02.46.25:065][  0]LogHMD: Failed to initialize OpenVR with code 126
[2020.02.01-02.46.25:104][  0]LogStats: UGameplayTagsManager::InitializeManager -  0.016 s
[2020.02.01-02.46.25:493][  0]LogInit: Initializing FReadOnlyCVARCache
[2020.02.01-02.46.25:698][  0]LogAIModule: Creating AISystem for world Untitled
[2020.02.01-02.46.25:856][  0]LogInit: XAudio2 using 'Speakers (USB PnP Audio Device)' : 2 channels at 48 kHz using 16 bits per sample (channel mask 0x3)
[2020.02.01-02.46.25:906][  0]LogInit: FAudioDevice initialized.
[2020.02.01-02.46.25:907][  0]LogNetVersion: Set ProjectVersion to 1.0.0.0. Version Checksum will be recalculated on next use.
[2020.02.01-02.46.26:089][  0]LogDerivedDataCache: Saved boot cache 0.18s 73MB C:/Users/Damen/AppData/Local/UnrealEngine/4.23/DerivedDataCache/Boot.ddc.
[2020.02.01-02.46.26:092][  0]LogInit: Texture streaming: Enabled
[2020.02.01-02.46.26:216][  0]LogEngineSessionManager: EngineSessionManager initialized
[2020.02.01-02.46.26:216][  0]LogEditorSessionSummary: Verbose: Initializing EditorSessionSummaryWriter for editor session tracking
[2020.02.01-02.46.26:227][  0]LogEditorSessionSummary: EditorSessionSummaryWriter initialized
[2020.02.01-02.46.26:709][  0]LogInit: Transaction tracking system initialized
[2020.02.01-02.46.27:002][  0]BlueprintLog: New page: Editor Load
[2020.02.01-02.46.27:814][  0]LocalizationService: Localization service is disabled
[2020.02.01-02.46.30:425][  0]LogFileCache: Scanning file cache for directory 'C:/Users/Damen/Desktop/GGJ/Felicia/Content/' took 0.00s
[2020.02.01-02.46.30:425][  0]LogCook: Display: Max memory allowance for cook 16384mb min free memory 0mb
[2020.02.01-02.46.30:425][  0]LogCook: Display: Mobile HDR setting 1
[2020.02.01-02.46.33:787][  0]SourceControl: Source control is disabled
[2020.02.01-02.46.33:803][  0]Cmd: MAP LOAD FILE="C:/Users/Damen/Desktop/GGJ/Felicia/Content/StarterContent/Maps/Minimal_Default.umap" TEMPLATE=0 SHOWPROGRESS=1 FEATURELEVEL=3
[2020.02.01-02.46.33:805][  0]LightingResults: New page: Lighting Build
[2020.02.01-02.46.33:830][  0]LogWorld: UWorld::CleanupWorld for Untitled, bSessionEnded=true, bCleanupResources=true
[2020.02.01-02.46.33:908][  0]MapCheck: New page: Map Check
[2020.02.01-02.46.33:908][  0]LightingResults: New page: Lighting Build
[2020.02.01-02.46.34:092][  0]LogUObjectHash: Compacting FUObjectHashTables data took   1.63ms
[2020.02.01-02.46.34:767][  0]LogStaticMesh: Building static mesh Floor_400x400...
[2020.02.01-02.46.34:770][  0]LogStaticMesh: Built static mesh [0.00s] /Game/StarterContent/Architecture/Floor_400x400.Floor_400x400
[2020.02.01-02.46.34:957][  0]LogAIModule: Creating AISystem for world Minimal_Default
[2020.02.01-02.46.35:250][  0]LogEditorServer: Finished looking for orphan Actors (0.000 secs)
[2020.02.01-02.46.35:306][  0]LogUObjectHash: Compacting FUObjectHashTables data took   1.81ms
[2020.02.01-02.46.35:306][  0]Cmd: MAP CHECKDEP NOCLEARLOG
[2020.02.01-02.46.35:350][  0]MapCheck: Map check complete: 0 Error(s), 0 Warning(s), took 43.241ms to complete.
[2020.02.01-02.46.35:350][  0]LogFileHelpers: Loading map 'Minimal_Default' took 1.547
[2020.02.01-02.46.36:425][  0]LogSlate: Updating window title bar state: overlay mode, drag disabled, window buttons hidden, title bar hidden
[2020.02.01-02.46.36:432][  0]LogSlate: Updating window title bar state: overlay mode, drag disabled, window buttons hidden, title bar hidden
[2020.02.01-02.46.36:439][  0]LogSlate: Updating window title bar state: overlay mode, drag disabled, window buttons hidden, title bar hidden
[2020.02.01-02.46.36:446][  0]LogSlate: Updating window title bar state: overlay mode, drag disabled, window buttons hidden, title bar hidden
[2020.02.01-02.46.36:502][  0]LogCollectionManager: Loaded 0 collections in 0.002518 seconds
[2020.02.01-02.46.36:567][  0]LogFileCache: Scanning file cache for directory 'C:/Users/Damen/Desktop/GGJ/Felicia/Saved/Collections/' took 0.00s
[2020.02.01-02.46.36:568][  0]LogFileCache: Scanning file cache for directory 'C:/Users/Damen/Desktop/GGJ/Felicia/Content/Developers/Damen/Collections/' took 0.00s
[2020.02.01-02.46.36:568][  0]LogFileCache: Scanning file cache for directory 'C:/Users/Damen/Desktop/GGJ/Felicia/Content/Collections/' took 0.00s
[2020.02.01-02.46.36:568][  0]LogCollectionManager: Rebuilt the GUID cache for 0 collections in 0.000002 seconds
[2020.02.01-02.46.36:607][  0]LogContentBrowser: Native class hierarchy populated in 0.0171 seconds. Added 2864 classes and 682 folders.
[2020.02.01-02.46.36:688][  0]LogContentBrowser: Native class hierarchy updated for 'WidgetCarousel' in 0.0004 seconds. Added 0 classes and 0 folders.
[2020.02.01-02.46.37:267][  0]LogContentBrowser: Native class hierarchy updated for 'AddContentDialog' in 0.0004 seconds. Added 0 classes and 0 folders.
[2020.02.01-02.46.37:319][  0]LogContentBrowser: Native class hierarchy updated for 'SceneOutliner' in 0.0004 seconds. Added 1 classes and 2 folders.
[2020.02.01-02.46.38:105][  0]LogSlate: Took 0.021927 seconds to synchronously load lazily loaded font '../../../Engine/Content/Slate/Fonts/Roboto-Regular.ttf' (155K)
[2020.02.01-02.46.38:140][  0]LogSlate: Took 0.031374 seconds to synchronously load lazily loaded font '../../../Engine/Content/Slate/Fonts/Roboto-Bold.ttf' (160K)
[2020.02.01-02.46.38:162][  0]LogSlate: Took 0.009240 seconds to synchronously load lazily loaded font '../../../Engine/Content/Editor/Slate/Fonts/FontAwesome.ttf' (139K)
[2020.02.01-02.46.38:381][  0]LogRenderer: Reallocating scene render targets to support 1340x628 Format 10 NumSamples 1 (Frame:1).
[2020.02.01-02.46.38:564][  0]LogSlate: Took 0.000875 seconds to synchronously load lazily loaded font '../../../Engine/Content/Slate/Fonts/Roboto-Light.ttf' (167K)
[2020.02.01-02.46.38:719][  0]LogContentBrowser: Native class hierarchy updated for 'HierarchicalLODOutliner' in 0.0004 seconds. Added 0 classes and 0 folders.
[2020.02.01-02.46.38:719][  0]LogLoad: (Engine Initialization) Total time: 50.53 seconds
[2020.02.01-02.46.38:719][  0]LogLoad: (Engine Initialization) Total Blueprint compile time: 0.00 seconds
[2020.02.01-02.46.38:916][  0]LogContentStreaming: Texture pool size now 1000 MB
[2020.02.01-02.46.39:597][  9]LogAssetRegistry: Asset discovery search completed in 30.4080 seconds
[2020.02.01-02.46.39:601][  9]LogCollectionManager: Rebuilt the object cache for 0 collections in 0.000010 seconds (found 0 objects)
[2020.02.01-02.46.39:601][  9]LogCollectionManager: Fixed up redirectors for 0 collections in 0.000101 seconds (updated 0 objects)
[2020.02.01-02.46.41:245][ 14]LogSlate: FSceneViewport::OnFocusLost() reason 0
[2020.02.01-02.56.30:477][303]LogSlate: Took 0.062750 seconds to synchronously load lazily loaded font '../../../Engine/Content/Slate/Fonts/Roboto-Light.ttf' (167K)
[2020.02.01-02.56.39:834][330]LogUObjectHash: Compacting FUObjectHashTables data took   1.57ms
[2020.02.01-02.56.39:834][330]LogFileHelpers: Editor autosave (incl. sublevels) for '/Game/StarterContent/Maps/Minimal_Default' took 0.329
[2020.02.01-02.56.39:901][330]OBJ SavePackage: Generating thumbnails for [0] asset(s) in package [/Game/Framework/BP_FeliciaGameplayGameMode] ([1] browsable assets)...
[2020.02.01-02.56.39:901][330]OBJ SavePackage: Finished generating thumbnails for package [/Game/Framework/BP_FeliciaGameplayGameMode]
[2020.02.01-02.56.41:542][330]LogSavePackage: Moving 'C:/Users/Damen/Desktop/GGJ/Felicia/Saved/BP_FeliciaGameplayGameMode_Auto1D60A9B204C8D7BC1403CCFB131996942.tmp' to 'C:/Users/Damen/Desktop/GGJ/Felicia/Saved/Autosaves/Game/Framework/BP_FeliciaGameplayGameMode_Auto1.uasset'
[2020.02.01-02.56.41:744][330]LogFileHelpers: Auto-saving content packages took 1.909
[2020.02.01-05.00.57:127][990]LogAssetEditorManager: Opening Asset editor for World /Game/Levels/MAP_Test.MAP_Test
[2020.02.01-05.00.57:190][990]LogUObjectHash: Compacting FUObjectHashTables data took   1.30ms
[2020.02.01-05.00.58:594][990]LogSlate: Window 'Save Content' being destroyed
[2020.02.01-05.00.58:606][990]Cmd: OBJ SAVEPACKAGE PACKAGE="/Game/Framework/BP_FeliciaGameplayGameMode" FILE="C:/Users/Damen/Desktop/GGJ/Felicia/Content/Framework/BP_FeliciaGameplayGameMode.uasset" SILENT=true
[2020.02.01-05.00.58:612][990]LogSavePackage: Moving 'C:/Users/Damen/Desktop/GGJ/Felicia/Saved/BP_FeliciaGameplayGameModeE17B509B4417F6BF6C82FFA93B8CB376.tmp' to 'C:/Users/Damen/Desktop/GGJ/Felicia/Content/Framework/BP_FeliciaGameplayGameMode.uasset'
[2020.02.01-05.00.58:614][990]Cmd: OBJ SAVEPACKAGE PACKAGE="/Game/Levels/MAP_Test" FILE="C:/Users/Damen/Desktop/GGJ/Felicia/Content/Levels/MAP_Test.umap" SILENT=true AUTOSAVING=false KEEPDIRTY=false
[2020.02.01-05.00.58:639][990]LogUObjectHash: Compacting FUObjectHashTables data took   0.53ms
[2020.02.01-05.00.58:671][990]LogSavePackage: Moving 'C:/Users/Damen/Desktop/GGJ/Felicia/Saved/MAP_Test74F234694470922DC88BCA87DBDEA0AF.tmp' to 'C:/Users/Damen/Desktop/GGJ/Felicia/Content/Levels/MAP_Test.umap'
[2020.02.01-05.00.58:672][990]LogFileHelpers: Saving map 'MAP_Test' took 0.058
[2020.02.01-05.00.58:691][990]Cmd: MAP LOAD FILE="C:/Users/Damen/Desktop/GGJ/Felicia/Content/Levels/MAP_Test.umap" TEMPLATE=0 SHOWPROGRESS=1 FEATURELEVEL=3
[2020.02.01-05.00.58:691][990]LightingResults: New page: Lighting Build
[2020.02.01-05.00.58:692][990]LoadErrors: New page: Loading map: MAP_Test.umap
[2020.02.01-05.00.58:757][990]LogWorld: UWorld::CleanupWorld for Minimal_Default, bSessionEnded=true, bCleanupResources=true
[2020.02.01-05.00.58:808][990]MapCheck: New page: Map Check
[2020.02.01-05.00.58:809][990]LightingResults: New page: Lighting Build
[2020.02.01-05.00.58:907][990]LogUObjectHash: Compacting FUObjectHashTables data took   1.72ms
[2020.02.01-05.00.59:056][990]LogEditorServer: Finished looking for orphan Actors (0.000 secs)
[2020.02.01-05.00.59:056][990]LogAIModule: Creating AISystem for world MAP_Test
[2020.02.01-05.00.59:088][990]LogUObjectHash: Compacting FUObjectHashTables data took   1.11ms
[2020.02.01-05.00.59:122][990]Cmd: MAP CHECKDEP NOCLEARLOG
[2020.02.01-05.00.59:122][990]MapCheck: Map check complete: 0 Error(s), 0 Warning(s), took 0.1ms to complete.
[2020.02.01-05.00.59:123][990]LogFileHelpers: Loading map 'MAP_Test' took 0.450
[2020.02.01-05.02.09:515][370]Cmd: BRUSH ADD SELECTNEWBRUSH
[2020.02.01-05.02.10:875][507]Cmd: CAMERA ALIGN ACTIVEVIEWPORTONLY
[2020.02.01-05.02.14:241][907]Cmd: DELETE
[2020.02.01-05.02.14:241][907]Cmd: ACTOR DELETE
[2020.02.01-05.02.14:595][907]LogEditorActor: Deleted Actor: Brush
[2020.02.01-05.02.14:634][907]LogUObjectHash: Compacting FUObjectHashTables data took   0.96ms
[2020.02.01-05.02.14:643][907]LogEditorActor: Deleted 1 Actors (0.119 secs)
[2020.02.01-05.02.15:566][ 18]LogSlate: FSceneViewport::OnFocusLost() reason 0
[2020.02.01-05.02.17:499][236]LogActorFactory: Actor Factory created Cube
[2020.02.01-05.02.17:559][236]LogActorFactory: Actor Factory created Cube
[2020.02.01-05.02.23:270][861]LogSlate: FSceneViewport::OnFocusLost() reason 0
[2020.02.01-05.09.44:158][524]LogHttp: Warning: 000001B74ECFCF40: invalid HTTP response code received. URL: https://datarouter.ol.epicgames.com/datarouter/api/v1/public/data?SessionID=%7B6BD011FD-4907-FF6E-F493-41AB8B3DE46F%7D&AppID=UEEditor.Rocket.Release&AppVersion=4.23.1-9631420%2B%2B%2BUE4%2BRelease-4.23&UserID=18e12d6c493eadb82d14a99ae8e39c6c%7Caf673a1d513b466ab7d012f9ba085ab1%7Cea6dae1e-9ae4-419c-8df8-623141255572&AppEnvironment=datacollector-binary&UploadType=eteventstream, HTTP code: 0, content length: -1, actual payload size: 0
[2020.02.01-05.09.44:158][524]LogHttp: Warning: 000001B74ECFCF40: request failed, libcurl error: 0 (No error)
[2020.02.01-05.09.44:158][524]LogHttp: Warning: 000001B74ECFCF40: libcurl info message cache 0 (Found bundle for host datarouter.ol.epicgames.com: 0x1b71c32ff70 [can pipeline])
[2020.02.01-05.09.44:158][524]LogHttp: Warning: 000001B74ECFCF40: libcurl info message cache 1 (Re-using existing connection! (#50) with host datarouter.ol.epicgames.com)
[2020.02.01-05.09.44:158][524]LogHttp: Warning: 000001B74ECFCF40: libcurl info message cache 2 (Connected to datarouter.ol.epicgames.com (34.197.129.254) port 443 (#50))
[2020.02.01-05.09.44:158][524]LogHttp: Warning: 000001B74ECFCF40: libcurl info message cache 3 (We are completely uploaded and fine)
[2020.02.01-05.09.44:158][524]LogHttp: Warning: 000001B74ECFCF40: libcurl info message cache 4 (TLSv1.2 (IN), TLS alert, Client hello (1):)
[2020.02.01-05.09.44:158][524]LogHttp: Warning: 000001B74ECFCF40: libcurl info message cache 5 (Connection died, retrying a fresh connect)
[2020.02.01-05.09.44:158][524]LogHttp: Warning: 000001B74ECFCF40: libcurl info message cache 6 (necessary data rewind wasn't possible)
[2020.02.01-05.09.44:158][524]LogHttp: Warning: 000001B74ECFCF40: libcurl info message cache 7 (Closing connection 50)
[2020.02.01-05.09.44:158][524]LogHttp: Warning: 000001B74ECFCF40: libcurl info message cache 8 (TLSv1.2 (OUT), TLS alert, Client hello (1):)
[2020.02.01-05.09.44:158][524]LogHttp: Warning: Retry exhausted on https://datarouter.ol.epicgames.com/datarouter/api/v1/public/data?SessionID=%7B6BD011FD-4907-FF6E-F493-41AB8B3DE46F%7D&AppID=UEEditor.Rocket.Release&AppVersion=4.23.1-9631420%2B%2B%2BUE4%2BRelease-4.23&UserID=18e12d6c493eadb82d14a99ae8e39c6c%7Caf673a1d513b466ab7d012f9ba085ab1%7Cea6dae1e-9ae4-419c-8df8-623141255572&AppEnvironment=datacollector-binary&UploadType=eteventstream
[2020.02.01-05.10.57:335][742]LogUObjectHash: Compacting FUObjectHashTables data took   1.24ms
[2020.02.01-05.10.57:335][742]Cmd: OBJ SAVEPACKAGE PACKAGE="/Game/Levels/MAP_Test" FILE="C:/Users/Damen/Desktop/GGJ/Felicia/Saved/Autosaves/Game/Levels/MAP_Test_Auto2.umap" SILENT=true AUTOSAVING=true KEEPDIRTY=false
[2020.02.01-05.10.58:282][742]LogSavePackage: Moving 'C:/Users/Damen/Desktop/GGJ/Felicia/Saved/MAP_Test_Auto2CE00327D4893854EB3B5EC94A8A47B2C.tmp' to 'C:/Users/Damen/Desktop/GGJ/Felicia/Saved/Autosaves/Game/Levels/MAP_Test_Auto2.umap'
[2020.02.01-05.10.58:285][742]LogFileHelpers: Editor autosave (incl. sublevels) for '/Game/Levels/MAP_Test' took 0.970
[2020.02.01-05.10.58:285][742]LogFileHelpers: Editor autosave (incl. sublevels) for all levels took 0.970
